<?xml version="1.0" encoding="UTF-8"?>
<coverage generated="1746469684871" clover="3.2.0">
  <project timestamp="1746469684872" name="All files">
    <metrics statements="485" coveredstatements="400" conditionals="153" coveredconditionals="112" methods="95" coveredmethods="82" elements="733" coveredelements="594" complexity="0" loc="485" ncloc="485" packages="3" files="15" classes="15"/>
    <package name="components">
      <metrics statements="279" coveredstatements="208" conditionals="83" coveredconditionals="56" methods="48" coveredmethods="40"/>
      <file name="DataTable.tsx" path="C:\Users\patryk\Desktop\passwords\extension\src\components\DataTable.tsx">
        <metrics statements="125" coveredstatements="74" conditionals="47" coveredconditionals="24" methods="25" coveredmethods="18"/>
        <line num="1" count="1" type="stmt"/>
        <line num="2" count="1" type="stmt"/>
        <line num="14" count="1" type="stmt"/>
        <line num="15" count="1" type="stmt"/>
        <line num="16" count="1" type="stmt"/>
        <line num="17" count="1" type="stmt"/>
        <line num="25" count="1" type="stmt"/>
        <line num="27" count="1" type="stmt"/>
        <line num="28" count="1" type="stmt"/>
        <line num="29" count="1" type="stmt"/>
        <line num="69" count="1" type="stmt"/>
        <line num="74" count="10" type="stmt"/>
        <line num="75" count="10" type="cond" truecount="1" falsecount="1"/>
        <line num="91" count="1" type="stmt"/>
        <line num="94" count="1" type="stmt"/>
        <line num="101" count="10" type="stmt"/>
        <line num="105" count="0" type="stmt"/>
        <line num="107" count="10" type="stmt"/>
        <line num="108" count="10" type="stmt"/>
        <line num="109" count="10" type="cond" truecount="1" falsecount="1"/>
        <line num="110" count="10" type="stmt"/>
        <line num="111" count="10" type="stmt"/>
        <line num="112" count="10" type="stmt"/>
        <line num="113" count="0" type="stmt"/>
        <line num="115" count="10" type="stmt"/>
        <line num="116" count="0" type="stmt"/>
        <line num="117" count="0" type="cond" truecount="0" falsecount="4"/>
        <line num="118" count="0" type="stmt"/>
        <line num="119" count="0" type="stmt"/>
        <line num="123" count="0" type="stmt"/>
        <line num="126" count="0" type="stmt"/>
        <line num="127" count="0" type="stmt"/>
        <line num="129" count="0" type="stmt"/>
        <line num="135" count="0" type="stmt"/>
        <line num="141" count="0" type="stmt"/>
        <line num="144" count="0" type="stmt"/>
        <line num="146" count="0" type="stmt"/>
        <line num="147" count="0" type="stmt"/>
        <line num="148" count="0" type="stmt"/>
        <line num="152" count="10" type="stmt"/>
        <line num="185" count="1" type="stmt"/>
        <line num="186" count="0" type="stmt"/>
        <line num="187" count="0" type="cond" truecount="0" falsecount="1"/>
        <line num="188" count="0" type="stmt"/>
        <line num="189" count="0" type="stmt"/>
        <line num="190" count="0" type="stmt"/>
        <line num="191" count="0" type="stmt"/>
        <line num="192" count="0" type="stmt"/>
        <line num="193" count="0" type="stmt"/>
        <line num="198" count="0" type="stmt"/>
        <line num="207" count="1" type="stmt"/>
        <line num="208" count="0" type="stmt"/>
        <line num="209" count="0" type="stmt"/>
        <line num="210" count="0" type="stmt"/>
        <line num="211" count="0" type="stmt"/>
        <line num="212" count="0" type="stmt"/>
        <line num="214" count="0" type="stmt"/>
        <line num="245" count="1" type="stmt"/>
        <line num="246" count="13" type="stmt"/>
        <line num="247" count="13" type="stmt"/>
        <line num="248" count="13" type="stmt"/>
        <line num="249" count="13" type="stmt"/>
        <line num="250" count="13" type="stmt"/>
        <line num="251" count="13" type="stmt"/>
        <line num="252" count="13" type="stmt"/>
        <line num="253" count="13" type="stmt"/>
        <line num="254" count="13" type="stmt"/>
        <line num="255" count="13" type="stmt"/>
        <line num="256" count="13" type="stmt"/>
        <line num="257" count="13" type="stmt"/>
        <line num="258" count="13" type="stmt"/>
        <line num="259" count="7" type="stmt"/>
        <line num="260" count="7" type="stmt"/>
        <line num="261" count="7" type="stmt"/>
        <line num="265" count="0" type="stmt"/>
        <line num="274" count="0" type="stmt"/>
        <line num="282" count="0" type="stmt"/>
        <line num="283" count="0" type="stmt"/>
        <line num="285" count="0" type="stmt"/>
        <line num="286" count="0" type="stmt"/>
        <line num="287" count="0" type="cond" truecount="0" falsecount="3"/>
        <line num="288" count="0" type="stmt"/>
        <line num="289" count="0" type="stmt"/>
        <line num="293" count="0" type="stmt"/>
        <line num="294" count="0" type="stmt"/>
        <line num="295" count="0" type="cond" truecount="0" falsecount="3"/>
        <line num="296" count="0" type="stmt"/>
        <line num="297" count="0" type="stmt"/>
        <line num="302" count="0" type="stmt"/>
        <line num="303" count="0" type="stmt"/>
        <line num="308" count="0" type="stmt"/>
        <line num="316" count="7" type="cond" truecount="3" falsecount="0"/>
        <line num="317" count="7" type="stmt"/>
        <line num="318" count="7" type="cond" truecount="2" falsecount="0"/>
        <line num="319" count="7" type="cond" truecount="2" falsecount="0"/>
        <line num="320" count="7" type="cond" truecount="2" falsecount="0"/>
        <line num="325" count="0" type="stmt"/>
        <line num="332" count="13" type="stmt"/>
        <line num="334" count="8" type="stmt"/>
        <line num="335" count="8" type="stmt"/>
        <line num="336" count="8" type="stmt"/>
        <line num="338" count="12" type="stmt"/>
        <line num="347" count="6" type="stmt"/>
        <line num="348" count="6" type="stmt"/>
        <line num="350" count="1" type="stmt"/>
        <line num="351" count="1" type="stmt"/>
        <line num="353" count="7" type="stmt"/>
        <line num="357" count="13" type="stmt"/>
        <line num="358" count="7" type="stmt"/>
        <line num="361" count="13" type="stmt"/>
        <line num="380" count="13" type="cond" truecount="1" falsecount="0"/>
        <line num="381" count="6" type="cond" truecount="1" falsecount="0"/>
        <line num="384" count="1" type="stmt"/>
        <line num="385" count="1" type="stmt"/>
        <line num="386" count="1" type="cond" truecount="3" falsecount="3"/>
        <line num="388" count="0" type="stmt"/>
        <line num="390" count="1" type="stmt"/>
        <line num="394" count="5" type="stmt"/>
        <line num="401" count="1" type="stmt"/>
        <line num="419" count="5" type="stmt"/>
        <line num="421" count="15" type="stmt"/>
        <line num="433" count="10" type="cond" truecount="1" falsecount="1"/>
        <line num="435" count="30" type="stmt"/>
        <line num="456" count="0" type="stmt"/>
        <line num="464" count="1" type="stmt"/>
      </file>
      <file name="GenPasswordButton.tsx" path="C:\Users\patryk\Desktop\passwords\extension\src\components\GenPasswordButton.tsx">
        <metrics statements="21" coveredstatements="18" conditionals="0" coveredconditionals="0" methods="4" coveredmethods="3"/>
        <line num="1" count="1" type="stmt"/>
        <line num="2" count="1" type="stmt"/>
        <line num="3" count="1" type="stmt"/>
        <line num="4" count="1" type="stmt"/>
        <line num="5" count="1" type="stmt"/>
        <line num="6" count="1" type="stmt"/>
        <line num="8" count="1" type="stmt"/>
        <line num="34" count="1" type="stmt"/>
        <line num="35" count="12" type="stmt"/>
        <line num="36" count="12" type="stmt"/>
        <line num="37" count="12" type="stmt"/>
        <line num="38" count="12" type="stmt"/>
        <line num="40" count="12" type="stmt"/>
        <line num="41" count="4" type="stmt"/>
        <line num="50" count="4" type="stmt"/>
        <line num="53" count="12" type="stmt"/>
        <line num="54" count="0" type="stmt"/>
        <line num="55" count="0" type="stmt"/>
        <line num="58" count="0" type="stmt"/>
        <line num="66" count="12" type="stmt"/>
        <line num="83" count="1" type="stmt"/>
      </file>
      <file name="LoginSteps.tsx" path="C:\Users\patryk\Desktop\passwords\extension\src\components\LoginSteps.tsx">
        <metrics statements="11" coveredstatements="11" conditionals="0" coveredconditionals="0" methods="3" coveredmethods="3"/>
        <line num="1" count="1" type="stmt"/>
        <line num="2" count="1" type="stmt"/>
        <line num="3" count="1" type="stmt"/>
        <line num="4" count="1" type="stmt"/>
        <line num="5" count="1" type="stmt"/>
        <line num="36" count="1" type="stmt"/>
        <line num="37" count="7" type="stmt"/>
        <line num="38" count="1" type="stmt"/>
        <line num="40" count="7" type="stmt"/>
        <line num="42" count="7" type="stmt"/>
        <line num="84" count="2" type="stmt"/>
      </file>
      <file name="PasswordButtonAdder.tsx" path="C:\Users\patryk\Desktop\passwords\extension\src\components\PasswordButtonAdder.tsx">
        <metrics statements="65" coveredstatements="48" conditionals="26" coveredconditionals="22" methods="6" coveredmethods="6"/>
        <line num="1" count="1" type="stmt"/>
        <line num="2" count="1" type="stmt"/>
        <line num="3" count="1" type="stmt"/>
        <line num="30" count="1" type="stmt"/>
        <line num="31" count="21" type="stmt"/>
        <line num="32" count="21" type="stmt"/>
        <line num="35" count="21" type="stmt"/>
        <line num="36" count="18" type="cond" truecount="0" falsecount="1"/>
        <line num="38" count="18" type="stmt"/>
        <line num="39" count="18" type="stmt"/>
        <line num="40" count="18" type="stmt"/>
        <line num="41" count="18" type="stmt"/>
        <line num="43" count="18" type="stmt"/>
        <line num="55" count="21" type="stmt"/>
        <line num="56" count="8" type="stmt"/>
        <line num="58" count="8" type="cond" truecount="0" falsecount="1"/>
        <line num="59" count="0" type="stmt"/>
        <line num="60" count="0" type="stmt"/>
        <line num="63" count="8" type="stmt"/>
        <line num="64" count="27" type="stmt"/>
        <line num="66" count="28" type="cond" truecount="2" falsecount="0"/>
        <line num="68" count="28" type="cond" truecount="2" falsecount="0"/>
        <line num="69" count="18" type="stmt"/>
        <line num="71" count="18" type="stmt"/>
        <line num="72" count="18" type="cond" truecount="3" falsecount="0"/>
        <line num="73" count="5" type="stmt"/>
        <line num="74" count="5" type="stmt"/>
        <line num="75" count="5" type="stmt"/>
        <line num="76" count="5" type="stmt"/>
        <line num="77" count="5" type="cond" truecount="1" falsecount="0"/>
        <line num="78" count="5" type="stmt"/>
        <line num="80" count="5" type="stmt"/>
        <line num="84" count="18" type="stmt"/>
        <line num="85" count="18" type="stmt"/>
        <line num="86" count="18" type="stmt"/>
        <line num="87" count="18" type="stmt"/>
        <line num="88" count="18" type="stmt"/>
        <line num="89" count="18" type="stmt"/>
        <line num="91" count="18" type="stmt"/>
        <line num="93" count="10" type="stmt"/>
        <line num="94" count="10" type="cond" truecount="1" falsecount="0"/>
        <line num="95" count="10" type="stmt"/>
        <line num="96" count="10" type="stmt"/>
        <line num="101" count="8" type="stmt"/>
        <line num="104" count="8" type="cond" truecount="2" falsecount="0"/>
        <line num="105" count="8" type="cond" truecount="0" falsecount="1"/>
        <line num="106" count="0" type="stmt"/>
        <line num="107" count="0" type="stmt"/>
        <line num="108" count="0" type="stmt"/>
        <line num="109" count="0" type="stmt"/>
        <line num="110" count="0" type="cond" truecount="0" falsecount="1"/>
        <line num="111" count="0" type="stmt"/>
        <line num="113" count="0" type="stmt"/>
        <line num="115" count="0" type="stmt"/>
        <line num="116" count="0" type="stmt"/>
        <line num="117" count="0" type="stmt"/>
        <line num="118" count="0" type="stmt"/>
        <line num="119" count="0" type="stmt"/>
        <line num="120" count="0" type="stmt"/>
        <line num="122" count="0" type="stmt"/>
        <line num="123" count="0" type="stmt"/>
        <line num="126" count="8" type="stmt"/>
        <line num="127" count="8" type="stmt"/>
        <line num="131" count="21" type="stmt"/>
        <line num="142" count="1" type="stmt"/>
      </file>
      <file name="PopoverButton.tsx" path="C:\Users\patryk\Desktop\passwords\extension\src\components\PopoverButton.tsx">
        <metrics statements="9" coveredstatements="9" conditionals="2" coveredconditionals="2" methods="2" coveredmethods="2"/>
        <line num="1" count="1" type="stmt"/>
        <line num="2" count="1" type="stmt"/>
        <line num="3" count="1" type="stmt"/>
        <line num="8" count="1" type="stmt"/>
        <line num="9" count="1" type="stmt"/>
        <line num="35" count="8" type="stmt"/>
        <line num="37" count="8" type="stmt"/>
        <line num="44" count="4" type="stmt"/>
        <line num="62" count="1" type="stmt"/>
      </file>
      <file name="RecoverMasterKeyDialog.tsx" path="C:\Users\patryk\Desktop\passwords\extension\src\components\RecoverMasterKeyDialog.tsx">
        <metrics statements="31" coveredstatements="31" conditionals="6" coveredconditionals="6" methods="5" coveredmethods="5"/>
        <line num="1" count="1" type="stmt"/>
        <line num="2" count="1" type="stmt"/>
        <line num="3" count="1" type="stmt"/>
        <line num="11" count="1" type="stmt"/>
        <line num="12" count="1" type="stmt"/>
        <line num="13" count="1" type="stmt"/>
        <line num="65" count="1" type="stmt"/>
        <line num="70" count="19" type="stmt"/>
        <line num="71" count="19" type="stmt"/>
        <line num="72" count="19" type="stmt"/>
        <line num="74" count="19" type="stmt"/>
        <line num="75" count="4" type="stmt"/>
        <line num="77" count="4" type="cond" truecount="3" falsecount="0"/>
        <line num="78" count="1" type="stmt"/>
        <line num="79" count="1" type="stmt"/>
        <line num="81" count="3" type="cond" truecount="1" falsecount="0"/>
        <line num="82" count="1" type="stmt"/>
        <line num="83" count="1" type="stmt"/>
        <line num="86" count="2" type="stmt"/>
        <line num="87" count="2" type="stmt"/>
        <line num="89" count="1" type="stmt"/>
        <line num="94" count="1" type="stmt"/>
        <line num="95" count="1" type="stmt"/>
        <line num="96" count="1" type="stmt"/>
        <line num="98" count="1" type="stmt"/>
        <line num="99" count="1" type="stmt"/>
        <line num="100" count="1" type="stmt"/>
        <line num="107" count="19" type="stmt"/>
        <line num="125" count="3" type="stmt"/>
        <line num="138" count="3" type="stmt"/>
        <line num="148" count="1" type="stmt"/>
      </file>
      <file name="TableWidget.tsx" path="C:\Users\patryk\Desktop\passwords\extension\src\components\TableWidget.tsx">
        <metrics statements="17" coveredstatements="17" conditionals="2" coveredconditionals="2" methods="3" coveredmethods="3"/>
        <line num="1" count="1" type="stmt"/>
        <line num="2" count="1" type="stmt"/>
        <line num="3" count="1" type="stmt"/>
        <line num="4" count="1" type="stmt"/>
        <line num="5" count="1" type="stmt"/>
        <line num="6" count="1" type="stmt"/>
        <line num="7" count="1" type="stmt"/>
        <line num="36" count="1" type="stmt"/>
        <line num="37" count="8" type="stmt"/>
        <line num="38" count="8" type="stmt"/>
        <line num="39" count="8" type="cond" truecount="1" falsecount="0"/>
        <line num="40" count="1" type="stmt"/>
        <line num="42" count="7" type="cond" truecount="1" falsecount="0"/>
        <line num="43" count="7" type="stmt"/>
        <line num="50" count="1" type="stmt"/>
        <line num="51" count="1" type="stmt"/>
        <line num="60" count="2" type="stmt"/>
      </file>
    </package>
    <package name="components.ui">
      <metrics statements="41" coveredstatements="39" conditionals="3" coveredconditionals="2" methods="13" coveredmethods="11"/>
      <file name="button.tsx" path="C:\Users\patryk\Desktop\passwords\extension\src\components\ui\button.tsx">
        <metrics statements="8" coveredstatements="8" conditionals="3" coveredconditionals="2" methods="1" coveredmethods="1"/>
        <line num="1" count="1" type="stmt"/>
        <line num="2" count="1" type="stmt"/>
        <line num="3" count="1" type="stmt"/>
        <line num="5" count="1" type="stmt"/>
        <line num="6" count="1" type="stmt"/>
        <line num="47" count="32" type="cond" truecount="1" falsecount="1"/>
        <line num="49" count="32" type="stmt"/>
        <line num="58" count="1" type="stmt"/>
      </file>
      <file name="dialog.tsx" path="C:\Users\patryk\Desktop\passwords\extension\src\components\ui\dialog.tsx">
        <metrics statements="24" coveredstatements="22" conditionals="0" coveredconditionals="0" methods="10" coveredmethods="8"/>
        <line num="1" count="1" type="stmt"/>
        <line num="2" count="1" type="stmt"/>
        <line num="3" count="1" type="stmt"/>
        <line num="5" count="1" type="stmt"/>
        <line num="10" count="17" type="stmt"/>
        <line num="16" count="0" type="stmt"/>
        <line num="22" count="17" type="stmt"/>
        <line num="28" count="0" type="stmt"/>
        <line num="35" count="22" type="stmt"/>
        <line num="52" count="17" type="stmt"/>
        <line num="74" count="16" type="stmt"/>
        <line num="84" count="16" type="stmt"/>
        <line num="100" count="16" type="stmt"/>
        <line num="113" count="16" type="stmt"/>
        <line num="123" count="1" type="stmt"/>
        <line num="124" count="1" type="stmt"/>
        <line num="125" count="1" type="stmt"/>
        <line num="126" count="1" type="stmt"/>
        <line num="127" count="1" type="stmt"/>
        <line num="128" count="1" type="stmt"/>
        <line num="129" count="1" type="stmt"/>
        <line num="130" count="1" type="stmt"/>
        <line num="131" count="1" type="stmt"/>
        <line num="132" count="1" type="stmt"/>
      </file>
      <file name="input.tsx" path="C:\Users\patryk\Desktop\passwords\extension\src\components\ui\input.tsx">
        <metrics statements="4" coveredstatements="4" conditionals="0" coveredconditionals="0" methods="1" coveredmethods="1"/>
        <line num="1" count="1" type="stmt"/>
        <line num="3" count="1" type="stmt"/>
        <line num="5" count="32" type="stmt"/>
        <line num="20" count="1" type="stmt"/>
      </file>
      <file name="label.tsx" path="C:\Users\patryk\Desktop\passwords\extension\src\components\ui\label.tsx">
        <metrics statements="5" coveredstatements="5" conditionals="0" coveredconditionals="0" methods="1" coveredmethods="1"/>
        <line num="1" count="1" type="stmt"/>
        <line num="2" count="1" type="stmt"/>
        <line num="3" count="1" type="stmt"/>
        <line num="9" count="32" type="stmt"/>
        <line num="21" count="1" type="stmt"/>
      </file>
    </package>
    <package name="lib">
      <metrics statements="165" coveredstatements="153" conditionals="67" coveredconditionals="54" methods="34" coveredmethods="31"/>
      <file name="functions.ts" path="C:\Users\patryk\Desktop\passwords\extension\src\lib\functions.ts">
        <metrics statements="89" coveredstatements="88" conditionals="38" coveredconditionals="34" methods="21" coveredmethods="21"/>
        <line num="26" count="2" type="stmt"/>
        <line num="27" count="23" type="stmt"/>
        <line num="29" count="23" type="stmt"/>
        <line num="32" count="23" type="stmt"/>
        <line num="35" count="23" type="stmt"/>
        <line num="38" count="23" type="stmt"/>
        <line num="40" count="23" type="cond" truecount="3" falsecount="1"/>
        <line num="42" count="0" type="stmt"/>
        <line num="76" count="2" type="stmt"/>
        <line num="77" count="6" type="stmt"/>
        <line num="79" count="6" type="stmt"/>
        <line num="80" count="6" type="stmt"/>
        <line num="82" count="6" type="stmt"/>
        <line num="83" count="6" type="cond" truecount="2" falsecount="0"/>
        <line num="84" count="3" type="stmt"/>
        <line num="85" count="3" type="cond" truecount="0" falsecount="1"/>
        <line num="86" count="3" type="cond" truecount="2" falsecount="0"/>
        <line num="87" count="1" type="stmt"/>
        <line num="89" count="2" type="stmt"/>
        <line num="92" count="6" type="stmt"/>
        <line num="97" count="6" type="stmt"/>
        <line num="131" count="2" type="stmt"/>
        <line num="132" count="3" type="cond" truecount="1" falsecount="0"/>
        <line num="133" count="2" type="stmt"/>
        <line num="134" count="4" type="stmt"/>
        <line num="135" count="5" type="cond" truecount="2" falsecount="0"/>
        <line num="138" count="3" type="stmt"/>
        <line num="139" count="2" type="cond" truecount="1" falsecount="1"/>
        <line num="162" count="2" type="stmt"/>
        <line num="163" count="3" type="stmt"/>
        <line num="164" count="3" type="stmt"/>
        <line num="165" count="3" type="stmt"/>
        <line num="166" count="3" type="cond" truecount="2" falsecount="0"/>
        <line num="191" count="2" type="stmt"/>
        <line num="192" count="4" type="cond" truecount="1" falsecount="0"/>
        <line num="193" count="3" type="cond" truecount="1" falsecount="0"/>
        <line num="194" count="2" type="cond" truecount="1" falsecount="0"/>
        <line num="195" count="1" type="stmt"/>
        <line num="199" count="2" type="stmt"/>
        <line num="244" count="2" type="stmt"/>
        <line num="245" count="2" type="stmt"/>
        <line num="246" count="2" type="stmt"/>
        <line num="248" count="2" type="stmt"/>
        <line num="249" count="2" type="stmt"/>
        <line num="251" count="2" type="stmt"/>
        <line num="252" count="5" type="stmt"/>
        <line num="253" count="5" type="cond" truecount="1" falsecount="0"/>
        <line num="254" count="2" type="stmt"/>
        <line num="255" count="2" type="stmt"/>
        <line num="259" count="14" type="stmt"/>
        <line num="298" count="2" type="stmt"/>
        <line num="299" count="3" type="cond" truecount="2" falsecount="0"/>
        <line num="300" count="3" type="cond" truecount="2" falsecount="1"/>
        <line num="327" count="2" type="stmt"/>
        <line num="328" count="3" type="stmt"/>
        <line num="337" count="21" type="stmt"/>
        <line num="338" count="3" type="stmt"/>
        <line num="362" count="2" type="stmt"/>
        <line num="363" count="3" type="stmt"/>
        <line num="364" count="3" type="cond" truecount="1" falsecount="0"/>
        <line num="365" count="1" type="stmt"/>
        <line num="367" count="2" type="stmt"/>
        <line num="378" count="2" type="stmt"/>
        <line num="386" count="2" type="stmt"/>
        <line num="408" count="2" type="stmt"/>
        <line num="409" count="25" type="stmt"/>
        <line num="410" count="25" type="cond" truecount="2" falsecount="0"/>
        <line num="435" count="2" type="stmt"/>
        <line num="436" count="18" type="stmt"/>
        <line num="462" count="2" type="stmt"/>
        <line num="463" count="3" type="stmt"/>
        <line num="464" count="3" type="stmt"/>
        <line num="465" count="3" type="cond" truecount="3" falsecount="0"/>
        <line num="467" count="2" type="stmt"/>
        <line num="468" count="2" type="stmt"/>
        <line num="495" count="2" type="stmt"/>
        <line num="496" count="3" type="stmt"/>
        <line num="497" count="3" type="stmt"/>
        <line num="498" count="3" type="cond" truecount="3" falsecount="0"/>
        <line num="500" count="2" type="stmt"/>
        <line num="501" count="2" type="stmt"/>
        <line num="502" count="2" type="cond" truecount="2" falsecount="0"/>
        <line num="529" count="2" type="stmt"/>
        <line num="530" count="15" type="stmt"/>
        <line num="531" count="15" type="cond" truecount="2" falsecount="0"/>
        <line num="532" count="15" type="stmt"/>
        <line num="533" count="15" type="stmt"/>
        <line num="534" count="15" type="stmt"/>
        <line num="535" count="15" type="stmt"/>
      </file>
      <file name="icons.ts" path="C:\Users\patryk\Desktop\passwords\extension\src\lib\icons.ts">
        <metrics statements="21" coveredstatements="11" conditionals="13" coveredconditionals="4" methods="5" coveredmethods="2"/>
        <line num="1" count="1" type="stmt"/>
        <line num="45" count="1" type="stmt"/>
        <line num="178" count="1" type="stmt"/>
        <line num="180" count="17" type="stmt"/>
        <line num="183" count="17" type="stmt"/>
        <line num="184" count="233" type="stmt"/>
        <line num="185" count="233" type="stmt"/>
        <line num="186" count="233" type="cond" truecount="2" falsecount="0"/>
        <line num="190" count="17" type="cond" truecount="2" falsecount="0"/>
        <line num="193" count="1" type="stmt"/>
        <line num="196" count="0" type="stmt"/>
        <line num="199" count="0" type="stmt"/>
        <line num="200" count="0" type="stmt"/>
        <line num="201" count="0" type="stmt"/>
        <line num="202" count="0" type="cond" truecount="0" falsecount="2"/>
        <line num="206" count="0" type="cond" truecount="0" falsecount="4"/>
        <line num="209" count="1" type="stmt"/>
        <line num="210" count="0" type="cond" truecount="0" falsecount="1"/>
        <line num="211" count="0" type="cond" truecount="0" falsecount="1"/>
        <line num="212" count="0" type="cond" truecount="0" falsecount="1"/>
        <line num="213" count="0" type="stmt"/>
      </file>
      <file name="utils.ts" path="C:\Users\patryk\Desktop\passwords\extension\src\lib\utils.ts">
        <metrics statements="4" coveredstatements="4" conditionals="0" coveredconditionals="0" methods="1" coveredmethods="1"/>
        <line num="1" count="1" type="stmt"/>
        <line num="2" count="1" type="stmt"/>
        <line num="4" count="1" type="stmt"/>
        <line num="5" count="199" type="stmt"/>
      </file>
      <file name="validators.ts" path="C:\Users\patryk\Desktop\passwords\extension\src\lib\validators.ts">
        <metrics statements="51" coveredstatements="50" conditionals="16" coveredconditionals="16" methods="7" coveredmethods="7"/>
        <line num="22" count="1" type="stmt"/>
        <line num="23" count="7" type="cond" truecount="1" falsecount="0"/>
        <line num="24" count="1" type="stmt"/>
        <line num="26" count="6" type="cond" truecount="1" falsecount="0"/>
        <line num="27" count="1" type="stmt"/>
        <line num="29" count="5" type="cond" truecount="1" falsecount="0"/>
        <line num="30" count="1" type="stmt"/>
        <line num="32" count="4" type="cond" truecount="1" falsecount="0"/>
        <line num="33" count="1" type="stmt"/>
        <line num="35" count="3" type="stmt"/>
        <line num="59" count="1" type="stmt"/>
        <line num="60" count="7" type="cond" truecount="1" falsecount="0"/>
        <line num="61" count="1" type="stmt"/>
        <line num="63" count="6" type="cond" truecount="1" falsecount="0"/>
        <line num="64" count="1" type="stmt"/>
        <line num="66" count="5" type="cond" truecount="1" falsecount="0"/>
        <line num="67" count="1" type="stmt"/>
        <line num="69" count="4" type="cond" truecount="1" falsecount="0"/>
        <line num="70" count="1" type="stmt"/>
        <line num="72" count="3" type="stmt"/>
        <line num="94" count="1" type="stmt"/>
        <line num="95" count="5" type="cond" truecount="1" falsecount="0"/>
        <line num="96" count="3" type="stmt"/>
        <line num="98" count="2" type="stmt"/>
        <line num="121" count="1" type="stmt"/>
        <line num="122" count="7" type="cond" truecount="1" falsecount="0"/>
        <line num="123" count="1" type="stmt"/>
        <line num="125" count="6" type="cond" truecount="1" falsecount="0"/>
        <line num="126" count="1" type="stmt"/>
        <line num="128" count="5" type="cond" truecount="1" falsecount="0"/>
        <line num="129" count="1" type="stmt"/>
        <line num="131" count="4" type="cond" truecount="1" falsecount="0"/>
        <line num="132" count="1" type="stmt"/>
        <line num="134" count="3" type="cond" truecount="1" falsecount="0"/>
        <line num="135" count="1" type="stmt"/>
        <line num="137" count="2" type="stmt"/>
        <line num="159" count="1" type="stmt"/>
        <line num="160" count="6" type="stmt"/>
        <line num="161" count="6" type="stmt"/>
        <line num="185" count="1" type="stmt"/>
        <line num="186" count="4" type="cond" truecount="1" falsecount="0"/>
        <line num="187" count="1" type="stmt"/>
        <line num="190" count="3" type="stmt"/>
        <line num="191" count="3" type="stmt"/>
        <line num="193" count="3" type="cond" truecount="1" falsecount="0"/>
        <line num="194" count="1" type="stmt"/>
        <line num="197" count="2" type="stmt"/>
        <line num="199" count="0" type="stmt"/>
        <line num="202" count="1" type="stmt"/>
        <line num="228" count="1" type="stmt"/>
        <line num="239" count="6" type="stmt"/>
      </file>
    </package>
  </project>
</coverage>
