{"C:\\Users\\patryk\\Desktop\\passwords\\extension\\src\\components\\DataTable.tsx": {"path":"C:\\Users\\patryk\\Desktop\\passwords\\extension\\src\\components\\DataTable.tsx","statementMap":{"0":{"start":{"line":245,"column":0},"end":{"line":245,"column":16}},"1":{"start":{"line":1,"column":0},"end":{"line":1,"column":44}},"2":{"start":{"line":2,"column":0},"end":{"line":2,"column":null}},"3":{"start":{"line":14,"column":0},"end":{"line":14,"column":56}},"4":{"start":{"line":15,"column":0},"end":{"line":15,"column":48}},"5":{"start":{"line":16,"column":0},"end":{"line":16,"column":46}},"6":{"start":{"line":17,"column":0},"end":{"line":17,"column":null}},"7":{"start":{"line":25,"column":0},"end":{"line":25,"column":61}},"8":{"start":{"line":27,"column":0},"end":{"line":27,"column":55}},"9":{"start":{"line":28,"column":0},"end":{"line":28,"column":28}},"10":{"start":{"line":29,"column":0},"end":{"line":29,"column":66}},"11":{"start":{"line":69,"column":13},"end":{"line":172,"column":2}},"12":{"start":{"line":74,"column":22},"end":{"line":74,"column":59}},"13":{"start":{"line":75,"column":6},"end":{"line":85,"column":8}},"14":{"start":{"line":91,"column":6},"end":{"line":99,"column":8}},"15":{"start":{"line":94,"column":25},"end":{"line":94,"column":77}},"16":{"start":{"line":101,"column":23},"end":{"line":101,"column":79}},"17":{"start":{"line":105,"column":18},"end":{"line":105,"column":59}},"18":{"start":{"line":107,"column":38},"end":{"line":107,"column":58}},"19":{"start":{"line":108,"column":20},"end":{"line":108,"column":51}},"20":{"start":{"line":109,"column":23},"end":{"line":109,"column":65}},"21":{"start":{"line":110,"column":27},"end":{"line":110,"column":52}},"22":{"start":{"line":111,"column":60},"end":{"line":111,"column":75}},"23":{"start":{"line":112,"column":35},"end":{"line":114,"column":7}},"24":{"start":{"line":113,"column":8},"end":{"line":113,"column":37}},"25":{"start":{"line":115,"column":31},"end":{"line":150,"column":7}},"26":{"start":{"line":116,"column":8},"end":{"line":149,"column":9}},"27":{"start":{"line":117,"column":10},"end":{"line":120,"column":11}},"28":{"start":{"line":118,"column":12},"end":{"line":118,"column":77}},"29":{"start":{"line":119,"column":12},"end":{"line":119,"column":19}},"30":{"start":{"line":123,"column":27},"end":{"line":123,"column":101}},"31":{"start":{"line":126,"column":24},"end":{"line":126,"column":29}},"32":{"start":{"line":127,"column":16},"end":{"line":127,"column":24}},"33":{"start":{"line":129,"column":36},"end":{"line":134,"column":6}},"34":{"start":{"line":135,"column":3},"end":{"line":143,"column":3}},"35":{"start":{"line":135,"column":9},"end":{"line":138,"column":4}},"36":{"start":{"line":141,"column":2},"end":{"line":141,"column":25}},"37":{"start":{"line":144,"column":4},"end":{"line":144,"column":77}},"38":{"start":{"line":146,"column":10},"end":{"line":146,"column":70}},"39":{"start":{"line":147,"column":10},"end":{"line":147,"column":38}},"40":{"start":{"line":148,"column":10},"end":{"line":148,"column":35}},"41":{"start":{"line":152,"column":6},"end":{"line":169,"column":8}},"42":{"start":{"line":185,"column":38},"end":{"line":199,"column":1}},"43":{"start":{"line":186,"column":15},"end":{"line":186,"column":33}},"44":{"start":{"line":187,"column":2},"end":{"line":187,"column":58}},"45":{"start":{"line":187,"column":13},"end":{"line":187,"column":58}},"46":{"start":{"line":188,"column":24},"end":{"line":188,"column":50}},"47":{"start":{"line":189,"column":26},"end":{"line":189,"column":50}},"48":{"start":{"line":190,"column":18},"end":{"line":190,"column":35}},"49":{"start":{"line":191,"column":26},"end":{"line":191,"column":56}},"50":{"start":{"line":192,"column":19},"end":{"line":192,"column":42}},"51":{"start":{"line":193,"column":20},"end":{"line":196,"column":null}},"52":{"start":{"line":198,"column":2},"end":{"line":198,"column":35}},"53":{"start":{"line":185,"column":13},"end":{"line":185,"column":38}},"54":{"start":{"line":207,"column":35},"end":{"line":215,"column":1}},"55":{"start":{"line":208,"column":17},"end":{"line":208,"column":29}},"56":{"start":{"line":209,"column":14},"end":{"line":209,"column":27}},"57":{"start":{"line":210,"column":16},"end":{"line":210,"column":35}},"58":{"start":{"line":211,"column":2},"end":{"line":213,"column":3}},"59":{"start":{"line":211,"column":15},"end":{"line":211,"column":16}},"60":{"start":{"line":212,"column":4},"end":{"line":212,"column":36}},"61":{"start":{"line":214,"column":2},"end":{"line":214,"column":22}},"62":{"start":{"line":207,"column":13},"end":{"line":207,"column":35}},"63":{"start":{"line":246,"column":20},"end":{"line":246,"column":40}},"64":{"start":{"line":247,"column":26},"end":{"line":247,"column":49}},"65":{"start":{"line":248,"column":31},"end":{"line":248,"column":57}},"66":{"start":{"line":249,"column":44},"end":{"line":249,"column":76}},"67":{"start":{"line":250,"column":50},"end":{"line":250,"column":79}},"68":{"start":{"line":251,"column":42},"end":{"line":251,"column":54}},"69":{"start":{"line":252,"column":32},"end":{"line":252,"column":46}},"70":{"start":{"line":253,"column":28},"end":{"line":253,"column":57}},"71":{"start":{"line":254,"column":28},"end":{"line":254,"column":57}},"72":{"start":{"line":255,"column":34},"end":{"line":255,"column":63}},"73":{"start":{"line":256,"column":24},"end":{"line":256,"column":53}},"74":{"start":{"line":257,"column":23},"end":{"line":257,"column":43}},"75":{"start":{"line":258,"column":2},"end":{"line":328,"column":7}},"76":{"start":{"line":259,"column":4},"end":{"line":327,"column":7}},"77":{"start":{"line":260,"column":8},"end":{"line":326,"column":9}},"78":{"start":{"line":261,"column":29},"end":{"line":314,"column":14}},"79":{"start":{"line":265,"column":43},"end":{"line":273,"column":22}},"80":{"start":{"line":274,"column":46},"end":{"line":280,"column":22}},"81":{"start":{"line":282,"column":37},"end":{"line":282,"column":41}},"82":{"start":{"line":283,"column":40},"end":{"line":283,"column":44}},"83":{"start":{"line":285,"column":20},"end":{"line":291,"column":21}},"84":{"start":{"line":286,"column":43},"end":{"line":286,"column":75}},"85":{"start":{"line":287,"column":24},"end":{"line":290,"column":25}},"86":{"start":{"line":288,"column":28},"end":{"line":288,"column":58}},"87":{"start":{"line":289,"column":28},"end":{"line":289,"column":34}},"88":{"start":{"line":293,"column":20},"end":{"line":299,"column":21}},"89":{"start":{"line":294,"column":46},"end":{"line":294,"column":78}},"90":{"start":{"line":295,"column":24},"end":{"line":298,"column":25}},"91":{"start":{"line":296,"column":28},"end":{"line":296,"column":64}},"92":{"start":{"line":297,"column":28},"end":{"line":297,"column":34}},"93":{"start":{"line":302,"column":36},"end":{"line":302,"column":56}},"94":{"start":{"line":303,"column":22},"end":{"line":307,"column":null}},"95":{"start":{"line":308,"column":20},"end":{"line":312,"column":22}},"96":{"start":{"line":316,"column":12},"end":{"line":323,"column":13}},"97":{"start":{"line":317,"column":49},"end":{"line":317,"column":62}},"98":{"start":{"line":318,"column":16},"end":{"line":318,"column":40}},"99":{"start":{"line":319,"column":16},"end":{"line":319,"column":46}},"100":{"start":{"line":320,"column":16},"end":{"line":320,"column":36}},"101":{"start":{"line":325,"column":12},"end":{"line":325,"column":65}},"102":{"start":{"line":332,"column":20},"end":{"line":355,"column":3}},"103":{"start":{"line":334,"column":4},"end":{"line":354,"column":5}},"104":{"start":{"line":335,"column":6},"end":{"line":335,"column":23}},"105":{"start":{"line":336,"column":23},"end":{"line":336,"column":67}},"106":{"start":{"line":338,"column":36},"end":{"line":345,"column":9}},"107":{"start":{"line":338,"column":69},"end":{"line":345,"column":8}},"108":{"start":{"line":347,"column":6},"end":{"line":347,"column":26}},"109":{"start":{"line":348,"column":6},"end":{"line":348,"column":21}},"110":{"start":{"line":350,"column":6},"end":{"line":350,"column":52}},"111":{"start":{"line":351,"column":6},"end":{"line":351,"column":53}},"112":{"start":{"line":353,"column":6},"end":{"line":353,"column":24}},"113":{"start":{"line":357,"column":2},"end":{"line":359,"column":20}},"114":{"start":{"line":358,"column":4},"end":{"line":358,"column":16}},"115":{"start":{"line":361,"column":16},"end":{"line":378,"column":4}},"116":{"start":{"line":380,"column":2},"end":{"line":380,"column":44}},"117":{"start":{"line":380,"column":15},"end":{"line":380,"column":44}},"118":{"start":{"line":381,"column":2},"end":{"line":381,"column":39}},"119":{"start":{"line":381,"column":13},"end":{"line":381,"column":39}},"120":{"start":{"line":384,"column":4},"end":{"line":391,"column":5}},"121":{"start":{"line":385,"column":6},"end":{"line":385,"column":40}},"122":{"start":{"line":386,"column":6},"end":{"line":386,"column":78}},"123":{"start":{"line":388,"column":6},"end":{"line":388,"column":60}},"124":{"start":{"line":390,"column":6},"end":{"line":390,"column":18}},"125":{"start":{"line":394,"column":2},"end":{"line":472,"column":4}},"126":{"start":{"line":401,"column":12},"end":{"line":401,"column":72}},"127":{"start":{"line":419,"column":14},"end":{"line":419,"column":null}},"128":{"start":{"line":421,"column":18},"end":{"line":421,"column":null}},"129":{"start":{"line":433,"column":16},"end":{"line":433,"column":51}},"130":{"start":{"line":435,"column":20},"end":{"line":435,"column":null}},"131":{"start":{"line":456,"column":27},"end":{"line":456,"column":47}},"132":{"start":{"line":464,"column":27},"end":{"line":464,"column":43}}},"fnMap":{"0":{"name":"(anonymous_0)","decl":{"start":{"line":73,"column":10},"end":{"line":73,"column":11}},"loc":{"start":{"line":73,"column":22},"end":{"line":86,"column":5}}},"1":{"name":"(anonymous_1)","decl":{"start":{"line":90,"column":12},"end":{"line":90,"column":13}},"loc":{"start":{"line":90,"column":27},"end":{"line":100,"column":5}}},"2":{"name":"(anonymous_2)","decl":{"start":{"line":94,"column":19},"end":{"line":94,"column":22}},"loc":{"start":{"line":94,"column":25},"end":{"line":94,"column":77}}},"3":{"name":"(anonymous_3)","decl":{"start":{"line":101,"column":10},"end":{"line":101,"column":11}},"loc":{"start":{"line":101,"column":23},"end":{"line":101,"column":79}}},"4":{"name":"(anonymous_4)","decl":{"start":{"line":105,"column":12},"end":{"line":105,"column":15}},"loc":{"start":{"line":105,"column":18},"end":{"line":105,"column":59}}},"5":{"name":"(anonymous_5)","decl":{"start":{"line":106,"column":10},"end":{"line":106,"column":11}},"loc":{"start":{"line":106,"column":22},"end":{"line":170,"column":5}}},"6":{"name":"(anonymous_6)","decl":{"start":{"line":112,"column":35},"end":{"line":112,"column":38}},"loc":{"start":{"line":112,"column":40},"end":{"line":114,"column":7}}},"7":{"name":"(anonymous_7)","decl":{"start":{"line":115,"column":31},"end":{"line":115,"column":36}},"loc":{"start":{"line":115,"column":42},"end":{"line":150,"column":7}}},"8":{"name":"(anonymous_8)","decl":{"start":{"line":185,"column":38},"end":{"line":185,"column":43}},"loc":{"start":{"line":185,"column":93},"end":{"line":199,"column":1}}},"9":{"name":"(anonymous_9)","decl":{"start":{"line":207,"column":35},"end":{"line":207,"column":36}},"loc":{"start":{"line":207,"column":67},"end":{"line":215,"column":1}}},"10":{"name":"DataTable","decl":{"start":{"line":245,"column":16},"end":{"line":245,"column":25}},"loc":{"start":{"line":245,"column":25},"end":{"line":473,"column":1}}},"11":{"name":"(anonymous_11)","decl":{"start":{"line":258,"column":12},"end":{"line":258,"column":15}},"loc":{"start":{"line":258,"column":17},"end":{"line":328,"column":1}}},"12":{"name":"(anonymous_12)","decl":{"start":{"line":259,"column":61},"end":{"line":259,"column":66}},"loc":{"start":{"line":259,"column":76},"end":{"line":327,"column":5}}},"13":{"name":"(anonymous_13)","decl":{"start":{"line":264,"column":22},"end":{"line":264,"column":25}},"loc":{"start":{"line":264,"column":27},"end":{"line":313,"column":17}}},"14":{"name":"(anonymous_14)","decl":{"start":{"line":332,"column":20},"end":{"line":332,"column":25}},"loc":{"start":{"line":332,"column":31},"end":{"line":355,"column":3}}},"15":{"name":"(anonymous_15)","decl":{"start":{"line":338,"column":54},"end":{"line":338,"column":55}},"loc":{"start":{"line":338,"column":69},"end":{"line":345,"column":8}}},"16":{"name":"(anonymous_16)","decl":{"start":{"line":357,"column":12},"end":{"line":357,"column":15}},"loc":{"start":{"line":357,"column":17},"end":{"line":359,"column":3}}},"17":{"name":"add","decl":{"start":{"line":383,"column":17},"end":{"line":383,"column":20}},"loc":{"start":{"line":383,"column":20},"end":{"line":393,"column":3}}},"18":{"name":"(anonymous_18)","decl":{"start":{"line":400,"column":20},"end":{"line":400,"column":21}},"loc":{"start":{"line":401,"column":12},"end":{"line":401,"column":72}}},"19":{"name":"(anonymous_19)","decl":{"start":{"line":418,"column":41},"end":{"line":418,"column":42}},"loc":{"start":{"line":419,"column":14},"end":{"line":419,"column":null}}},"20":{"name":"(anonymous_20)","decl":{"start":{"line":420,"column":41},"end":{"line":420,"column":42}},"loc":{"start":{"line":421,"column":18},"end":{"line":421,"column":null}}},"21":{"name":"(anonymous_21)","decl":{"start":{"line":432,"column":43},"end":{"line":432,"column":44}},"loc":{"start":{"line":433,"column":16},"end":{"line":433,"column":51}}},"22":{"name":"(anonymous_22)","decl":{"start":{"line":434,"column":45},"end":{"line":434,"column":46}},"loc":{"start":{"line":435,"column":20},"end":{"line":435,"column":null}}},"23":{"name":"(anonymous_23)","decl":{"start":{"line":456,"column":21},"end":{"line":456,"column":24}},"loc":{"start":{"line":456,"column":27},"end":{"line":456,"column":47}}},"24":{"name":"(anonymous_24)","decl":{"start":{"line":464,"column":21},"end":{"line":464,"column":24}},"loc":{"start":{"line":464,"column":27},"end":{"line":464,"column":43}}}},"branchMap":{"0":{"loc":{"start":{"line":75,"column":13},"end":{"line":84,"column":null}},"type":"cond-expr","locations":[{"start":{"line":76,"column":8},"end":{"line":81,"column":null}},{"start":{"line":84,"column":8},"end":{"line":84,"column":47}}]},"1":{"loc":{"start":{"line":109,"column":23},"end":{"line":109,"column":65}},"type":"binary-expr","locations":[{"start":{"line":109,"column":23},"end":{"line":109,"column":44}},{"start":{"line":109,"column":48},"end":{"line":109,"column":65}}]},"2":{"loc":{"start":{"line":117,"column":10},"end":{"line":120,"column":11}},"type":"if","locations":[{"start":{"line":117,"column":10},"end":{"line":120,"column":11}}]},"3":{"loc":{"start":{"line":117,"column":14},"end":{"line":117,"column":65}},"type":"binary-expr","locations":[{"start":{"line":117,"column":14},"end":{"line":117,"column":24}},{"start":{"line":117,"column":28},"end":{"line":117,"column":48}},{"start":{"line":117,"column":52},"end":{"line":117,"column":65}}]},"4":{"loc":{"start":{"line":131,"column":15},"end":{"line":131,"column":42}},"type":"binary-expr","locations":[{"start":{"line":131,"column":15},"end":{"line":131,"column":36}},{"start":{"line":131,"column":40},"end":{"line":131,"column":42}}]},"5":{"loc":{"start":{"line":187,"column":2},"end":{"line":187,"column":58}},"type":"if","locations":[{"start":{"line":187,"column":2},"end":{"line":187,"column":58}}]},"6":{"loc":{"start":{"line":262,"column":33},"end":{"line":262,"column":49}},"type":"binary-expr","locations":[{"start":{"line":262,"column":33},"end":{"line":262,"column":43}},{"start":{"line":262,"column":47},"end":{"line":262,"column":49}}]},"7":{"loc":{"start":{"line":287,"column":24},"end":{"line":290,"column":25}},"type":"if","locations":[{"start":{"line":287,"column":24},"end":{"line":290,"column":25}}]},"8":{"loc":{"start":{"line":287,"column":28},"end":{"line":287,"column":86}},"type":"binary-expr","locations":[{"start":{"line":287,"column":28},"end":{"line":287,"column":66}},{"start":{"line":287,"column":70},"end":{"line":287,"column":86}}]},"9":{"loc":{"start":{"line":295,"column":24},"end":{"line":298,"column":25}},"type":"if","locations":[{"start":{"line":295,"column":24},"end":{"line":298,"column":25}}]},"10":{"loc":{"start":{"line":295,"column":28},"end":{"line":295,"column":92}},"type":"binary-expr","locations":[{"start":{"line":295,"column":28},"end":{"line":295,"column":69}},{"start":{"line":295,"column":73},"end":{"line":295,"column":92}}]},"11":{"loc":{"start":{"line":316,"column":12},"end":{"line":323,"column":13}},"type":"if","locations":[{"start":{"line":316,"column":12},"end":{"line":323,"column":13}}]},"12":{"loc":{"start":{"line":316,"column":16},"end":{"line":316,"column":39}},"type":"binary-expr","locations":[{"start":{"line":316,"column":16},"end":{"line":316,"column":22}},{"start":{"line":316,"column":26},"end":{"line":316,"column":39}}]},"13":{"loc":{"start":{"line":318,"column":25},"end":{"line":318,"column":38}},"type":"binary-expr","locations":[{"start":{"line":318,"column":25},"end":{"line":318,"column":30}},{"start":{"line":318,"column":34},"end":{"line":318,"column":38}}]},"14":{"loc":{"start":{"line":319,"column":28},"end":{"line":319,"column":44}},"type":"binary-expr","locations":[{"start":{"line":319,"column":28},"end":{"line":319,"column":36}},{"start":{"line":319,"column":40},"end":{"line":319,"column":44}}]},"15":{"loc":{"start":{"line":320,"column":23},"end":{"line":320,"column":34}},"type":"binary-expr","locations":[{"start":{"line":320,"column":23},"end":{"line":320,"column":26}},{"start":{"line":320,"column":30},"end":{"line":320,"column":34}}]},"16":{"loc":{"start":{"line":380,"column":2},"end":{"line":380,"column":44}},"type":"if","locations":[{"start":{"line":380,"column":2},"end":{"line":380,"column":44}}]},"17":{"loc":{"start":{"line":381,"column":2},"end":{"line":381,"column":39}},"type":"if","locations":[{"start":{"line":381,"column":2},"end":{"line":381,"column":39}}]},"18":{"loc":{"start":{"line":386,"column":24},"end":{"line":386,"column":38}},"type":"binary-expr","locations":[{"start":{"line":386,"column":24},"end":{"line":386,"column":32}},{"start":{"line":386,"column":36},"end":{"line":386,"column":38}}]},"19":{"loc":{"start":{"line":386,"column":52},"end":{"line":386,"column":61}},"type":"binary-expr","locations":[{"start":{"line":386,"column":52},"end":{"line":386,"column":55}},{"start":{"line":386,"column":59},"end":{"line":386,"column":61}}]},"20":{"loc":{"start":{"line":386,"column":65},"end":{"line":386,"column":76}},"type":"binary-expr","locations":[{"start":{"line":386,"column":65},"end":{"line":386,"column":70}},{"start":{"line":386,"column":74},"end":{"line":386,"column":76}}]},"21":{"loc":{"start":{"line":399,"column":18},"end":{"line":399,"column":77}},"type":"binary-expr","locations":[{"start":{"line":399,"column":18},"end":{"line":399,"column":71}},{"start":{"line":399,"column":75},"end":{"line":399,"column":77}}]},"22":{"loc":{"start":{"line":409,"column":20},"end":{"line":409,"column":68}},"type":"binary-expr","locations":[{"start":{"line":409,"column":20},"end":{"line":409,"column":36}},{"start":{"line":409,"column":40},"end":{"line":409,"column":53}},{"start":{"line":409,"column":57},"end":{"line":409,"column":68}}]},"23":{"loc":{"start":{"line":422,"column":21},"end":{"line":424,"column":87}},"type":"cond-expr","locations":[{"start":{"line":423,"column":24},"end":{"line":423,"column":28}},{"start":{"line":424,"column":24},"end":{"line":424,"column":87}}]},"24":{"loc":{"start":{"line":431,"column":13},"end":{"line":446,"column":null}},"type":"cond-expr","locations":[{"start":{"line":432,"column":14},"end":{"line":440,"column":16}},{"start":{"line":442,"column":14},"end":{"line":445,"column":null}}]},"25":{"loc":{"start":{"line":433,"column":51},"end":{"line":433,"column":84}},"type":"binary-expr","locations":[{"start":{"line":433,"column":51},"end":{"line":433,"column":70}},{"start":{"line":433,"column":74},"end":{"line":433,"column":84}}]}},"s":{"0":1,"1":1,"2":1,"3":1,"4":1,"5":1,"6":1,"7":1,"8":1,"9":1,"10":1,"11":1,"12":10,"13":10,"14":1,"15":1,"16":10,"17":0,"18":10,"19":10,"20":10,"21":10,"22":10,"23":10,"24":0,"25":10,"26":0,"27":0,"28":0,"29":0,"30":0,"31":0,"32":0,"33":0,"34":0,"35":0,"36":0,"37":0,"38":0,"39":0,"40":0,"41":10,"42":1,"43":0,"44":0,"45":0,"46":0,"47":0,"48":0,"49":0,"50":0,"51":0,"52":0,"53":1,"54":1,"55":0,"56":0,"57":0,"58":0,"59":0,"60":0,"61":0,"62":1,"63":13,"64":13,"65":13,"66":13,"67":13,"68":13,"69":13,"70":13,"71":13,"72":13,"73":13,"74":13,"75":13,"76":7,"77":7,"78":7,"79":0,"80":0,"81":0,"82":0,"83":0,"84":0,"85":0,"86":0,"87":0,"88":0,"89":0,"90":0,"91":0,"92":0,"93":0,"94":0,"95":0,"96":7,"97":7,"98":7,"99":7,"100":7,"101":0,"102":13,"103":8,"104":8,"105":8,"106":6,"107":12,"108":6,"109":6,"110":1,"111":1,"112":7,"113":13,"114":7,"115":13,"116":13,"117":7,"118":6,"119":1,"120":1,"121":1,"122":1,"123":0,"124":1,"125":5,"126":1,"127":5,"128":15,"129":10,"130":30,"131":0,"132":1},"f":{"0":10,"1":1,"2":1,"3":10,"4":0,"5":10,"6":0,"7":0,"8":0,"9":0,"10":13,"11":7,"12":7,"13":0,"14":8,"15":12,"16":7,"17":1,"18":1,"19":5,"20":15,"21":10,"22":30,"23":0,"24":1},"b":{"0":[10,0],"1":[10,0],"2":[0],"3":[0,0,0],"4":[0,0],"5":[0],"6":[7,0],"7":[0],"8":[0,0],"9":[0],"10":[0,0],"11":[7],"12":[7,7],"13":[7,6],"14":[7,6],"15":[7,6],"16":[7],"17":[1],"18":[1,0],"19":[1,0],"20":[1,0],"21":[5,0],"22":[5,1,1],"23":[0,15],"24":[5,0],"25":[10,0]}}
,"C:\\Users\\patryk\\Desktop\\passwords\\extension\\src\\components\\GenPasswordButton.tsx": {"path":"C:\\Users\\patryk\\Desktop\\passwords\\extension\\src\\components\\GenPasswordButton.tsx","statementMap":{"0":{"start":{"line":34,"column":0},"end":{"line":34,"column":24}},"1":{"start":{"line":1,"column":0},"end":{"line":1,"column":33}},"2":{"start":{"line":2,"column":0},"end":{"line":2,"column":48}},"3":{"start":{"line":3,"column":0},"end":{"line":3,"column":46}},"4":{"start":{"line":4,"column":0},"end":{"line":4,"column":48}},"5":{"start":{"line":5,"column":0},"end":{"line":5,"column":48}},"6":{"start":{"line":6,"column":0},"end":{"line":6,"column":57}},"7":{"start":{"line":8,"column":0},"end":{"line":8,"column":50}},"8":{"start":{"line":35,"column":34},"end":{"line":35,"column":54}},"9":{"start":{"line":36,"column":30},"end":{"line":36,"column":42}},"10":{"start":{"line":37,"column":46},"end":{"line":37,"column":60}},"11":{"start":{"line":38,"column":46},"end":{"line":38,"column":60}},"12":{"start":{"line":40,"column":27},"end":{"line":51,"column":3}},"13":{"start":{"line":41,"column":24},"end":{"line":49,"column":6}},"14":{"start":{"line":50,"column":4},"end":{"line":50,"column":29}},"15":{"start":{"line":53,"column":26},"end":{"line":61,"column":3}},"16":{"start":{"line":54,"column":4},"end":{"line":60,"column":5}},"17":{"start":{"line":55,"column":6},"end":{"line":55,"column":52}},"18":{"start":{"line":58,"column":6},"end":{"line":58,"column":47}},"19":{"start":{"line":66,"column":2},"end":{"line":103,"column":null}},"20":{"start":{"line":83,"column":46},"end":{"line":83,"column":65}}},"fnMap":{"0":{"name":"GenPasswordButton","decl":{"start":{"line":34,"column":24},"end":{"line":34,"column":41}},"loc":{"start":{"line":34,"column":41},"end":{"line":104,"column":1}}},"1":{"name":"(anonymous_1)","decl":{"start":{"line":40,"column":27},"end":{"line":40,"column":30}},"loc":{"start":{"line":40,"column":32},"end":{"line":51,"column":3}}},"2":{"name":"(anonymous_2)","decl":{"start":{"line":53,"column":26},"end":{"line":53,"column":31}},"loc":{"start":{"line":53,"column":37},"end":{"line":61,"column":3}}},"3":{"name":"(anonymous_3)","decl":{"start":{"line":83,"column":35},"end":{"line":83,"column":36}},"loc":{"start":{"line":83,"column":46},"end":{"line":83,"column":65}}}},"branchMap":{},"s":{"0":1,"1":1,"2":1,"3":1,"4":1,"5":1,"6":1,"7":1,"8":12,"9":12,"10":12,"11":12,"12":12,"13":4,"14":4,"15":12,"16":0,"17":0,"18":0,"19":12,"20":1},"f":{"0":12,"1":4,"2":0,"3":1},"b":{}}
,"C:\\Users\\patryk\\Desktop\\passwords\\extension\\src\\components\\LoginSteps.tsx": {"path":"C:\\Users\\patryk\\Desktop\\passwords\\extension\\src\\components\\LoginSteps.tsx","statementMap":{"0":{"start":{"line":1,"column":0},"end":{"line":1,"column":48}},"1":{"start":{"line":2,"column":0},"end":{"line":2,"column":80}},"2":{"start":{"line":3,"column":0},"end":{"line":3,"column":66}},"3":{"start":{"line":4,"column":0},"end":{"line":4,"column":36}},"4":{"start":{"line":5,"column":0},"end":{"line":5,"column":33}},"5":{"start":{"line":36,"column":26},"end":{"line":101,"column":1}},"6":{"start":{"line":37,"column":30},"end":{"line":39,"column":3}},"7":{"start":{"line":38,"column":4},"end":{"line":38,"column":57}},"8":{"start":{"line":40,"column":42},"end":{"line":40,"column":57}},"9":{"start":{"line":42,"column":2},"end":{"line":100,"column":4}},"10":{"start":{"line":84,"column":33},"end":{"line":84,"column":54}},"11":{"start":{"line":36,"column":13},"end":{"line":36,"column":26}}},"fnMap":{"0":{"name":"(anonymous_0)","decl":{"start":{"line":36,"column":26},"end":{"line":36,"column":27}},"loc":{"start":{"line":36,"column":103},"end":{"line":101,"column":1}}},"1":{"name":"(anonymous_1)","decl":{"start":{"line":37,"column":30},"end":{"line":37,"column":33}},"loc":{"start":{"line":37,"column":35},"end":{"line":39,"column":3}}},"2":{"name":"(anonymous_2)","decl":{"start":{"line":84,"column":27},"end":{"line":84,"column":30}},"loc":{"start":{"line":84,"column":33},"end":{"line":84,"column":54}}}},"branchMap":{},"s":{"0":1,"1":1,"2":1,"3":1,"4":1,"5":1,"6":7,"7":1,"8":7,"9":7,"10":2,"11":1},"f":{"0":7,"1":1,"2":2},"b":{}}
,"C:\\Users\\patryk\\Desktop\\passwords\\extension\\src\\components\\PasswordButtonAdder.tsx": {"path":"C:\\Users\\patryk\\Desktop\\passwords\\extension\\src\\components\\PasswordButtonAdder.tsx","statementMap":{"0":{"start":{"line":1,"column":0},"end":{"line":1,"column":51}},"1":{"start":{"line":2,"column":0},"end":{"line":2,"column":41}},"2":{"start":{"line":3,"column":0},"end":{"line":3,"column":44}},"3":{"start":{"line":30,"column":38},"end":{"line":140,"column":1}},"4":{"start":{"line":31,"column":48},"end":{"line":31,"column":82}},"5":{"start":{"line":32,"column":40},"end":{"line":32,"column":79}},"6":{"start":{"line":35,"column":26},"end":{"line":53,"column":3}},"7":{"start":{"line":36,"column":4},"end":{"line":36,"column":61}},"8":{"start":{"line":36,"column":48},"end":{"line":36,"column":61}},"9":{"start":{"line":38,"column":17},"end":{"line":38,"column":45}},"10":{"start":{"line":39,"column":17},"end":{"line":39,"column":60}},"11":{"start":{"line":40,"column":15},"end":{"line":40,"column":56}},"12":{"start":{"line":41,"column":25},"end":{"line":41,"column":76}},"13":{"start":{"line":43,"column":4},"end":{"line":52,"column":6}},"14":{"start":{"line":55,"column":2},"end":{"line":129,"column":9}},"15":{"start":{"line":56,"column":30},"end":{"line":56,"column":82}},"16":{"start":{"line":58,"column":4},"end":{"line":61,"column":5}},"17":{"start":{"line":59,"column":6},"end":{"line":59,"column":67}},"18":{"start":{"line":60,"column":6},"end":{"line":60,"column":13}},"19":{"start":{"line":63,"column":21},"end":{"line":99,"column":6}},"20":{"start":{"line":64,"column":6},"end":{"line":98,"column":9}},"21":{"start":{"line":66,"column":30},"end":{"line":66,"column":115}},"22":{"start":{"line":68,"column":8},"end":{"line":97,"column":9}},"23":{"start":{"line":69,"column":10},"end":{"line":69,"column":40}},"24":{"start":{"line":71,"column":26},"end":{"line":71,"column":73}},"25":{"start":{"line":72,"column":10},"end":{"line":81,"column":11}},"26":{"start":{"line":73,"column":12},"end":{"line":73,"column":55}},"27":{"start":{"line":74,"column":12},"end":{"line":74,"column":50}},"28":{"start":{"line":75,"column":31},"end":{"line":75,"column":63}},"29":{"start":{"line":76,"column":34},"end":{"line":76,"column":59}},"30":{"start":{"line":77,"column":12},"end":{"line":79,"column":13}},"31":{"start":{"line":78,"column":14},"end":{"line":78,"column":56}},"32":{"start":{"line":80,"column":12},"end":{"line":80,"column":74}},"33":{"start":{"line":84,"column":28},"end":{"line":84,"column":65}},"34":{"start":{"line":85,"column":10},"end":{"line":85,"column":63}},"35":{"start":{"line":86,"column":10},"end":{"line":86,"column":107}},"36":{"start":{"line":87,"column":10},"end":{"line":87,"column":59}},"37":{"start":{"line":88,"column":10},"end":{"line":88,"column":43}},"38":{"start":{"line":89,"column":10},"end":{"line":89,"column":48}},"39":{"start":{"line":91,"column":10},"end":{"line":91,"column":40}},"40":{"start":{"line":93,"column":36},"end":{"line":93,"column":75}},"41":{"start":{"line":94,"column":10},"end":{"line":94,"column":60}},"42":{"start":{"line":94,"column":33},"end":{"line":94,"column":60}},"43":{"start":{"line":95,"column":10},"end":{"line":95,"column":35}},"44":{"start":{"line":96,"column":10},"end":{"line":96,"column":31}},"45":{"start":{"line":101,"column":4},"end":{"line":101,"column":76}},"46":{"start":{"line":104,"column":25},"end":{"line":104,"column":110}},"47":{"start":{"line":105,"column":4},"end":{"line":124,"column":5}},"48":{"start":{"line":106,"column":24},"end":{"line":106,"column":54}},"49":{"start":{"line":107,"column":6},"end":{"line":107,"column":44}},"50":{"start":{"line":108,"column":25},"end":{"line":108,"column":56}},"51":{"start":{"line":109,"column":28},"end":{"line":109,"column":53}},"52":{"start":{"line":110,"column":6},"end":{"line":112,"column":7}},"53":{"start":{"line":111,"column":8},"end":{"line":111,"column":50}},"54":{"start":{"line":113,"column":6},"end":{"line":113,"column":67}},"55":{"start":{"line":115,"column":24},"end":{"line":115,"column":60}},"56":{"start":{"line":116,"column":6},"end":{"line":116,"column":58}},"57":{"start":{"line":117,"column":6},"end":{"line":117,"column":102}},"58":{"start":{"line":118,"column":6},"end":{"line":118,"column":55}},"59":{"start":{"line":119,"column":6},"end":{"line":119,"column":39}},"60":{"start":{"line":120,"column":6},"end":{"line":120,"column":44}},"61":{"start":{"line":122,"column":6},"end":{"line":122,"column":36}},"62":{"start":{"line":123,"column":6},"end":{"line":123,"column":35}},"63":{"start":{"line":126,"column":4},"end":{"line":128,"column":6}},"64":{"start":{"line":127,"column":6},"end":{"line":127,"column":28}},"65":{"start":{"line":131,"column":2},"end":{"line":139,"column":4}},"66":{"start":{"line":142,"column":0},"end":{"line":142,"column":35}}},"fnMap":{"0":{"name":"(anonymous_0)","decl":{"start":{"line":30,"column":38},"end":{"line":30,"column":41}},"loc":{"start":{"line":30,"column":43},"end":{"line":140,"column":1}}},"1":{"name":"(anonymous_1)","decl":{"start":{"line":35,"column":26},"end":{"line":35,"column":27}},"loc":{"start":{"line":35,"column":80},"end":{"line":53,"column":3}}},"2":{"name":"(anonymous_2)","decl":{"start":{"line":55,"column":12},"end":{"line":55,"column":15}},"loc":{"start":{"line":55,"column":17},"end":{"line":129,"column":3}}},"3":{"name":"(anonymous_3)","decl":{"start":{"line":63,"column":42},"end":{"line":63,"column":43}},"loc":{"start":{"line":63,"column":74},"end":{"line":99,"column":5}}},"4":{"name":"(anonymous_4)","decl":{"start":{"line":64,"column":24},"end":{"line":64,"column":27}},"loc":{"start":{"line":64,"column":29},"end":{"line":98,"column":7}}},"5":{"name":"(anonymous_5)","decl":{"start":{"line":126,"column":11},"end":{"line":126,"column":14}},"loc":{"start":{"line":126,"column":16},"end":{"line":128,"column":5}}}},"branchMap":{"0":{"loc":{"start":{"line":36,"column":4},"end":{"line":36,"column":61}},"type":"if","locations":[{"start":{"line":36,"column":4},"end":{"line":36,"column":61}}]},"1":{"loc":{"start":{"line":44,"column":6},"end":{"line":51,"column":41}},"type":"binary-expr","locations":[{"start":{"line":44,"column":6},"end":{"line":44,"column":25}},{"start":{"line":45,"column":6},"end":{"line":45,"column":25}},{"start":{"line":46,"column":6},"end":{"line":46,"column":23}},{"start":{"line":47,"column":6},"end":{"line":47,"column":21}},{"start":{"line":48,"column":6},"end":{"line":48,"column":23}},{"start":{"line":49,"column":6},"end":{"line":49,"column":29}},{"start":{"line":50,"column":6},"end":{"line":50,"column":19}},{"start":{"line":51,"column":6},"end":{"line":51,"column":41}}]},"2":{"loc":{"start":{"line":58,"column":4},"end":{"line":61,"column":5}},"type":"if","locations":[{"start":{"line":58,"column":4},"end":{"line":61,"column":5}}]},"3":{"loc":{"start":{"line":66,"column":30},"end":{"line":66,"column":115}},"type":"binary-expr","locations":[{"start":{"line":66,"column":30},"end":{"line":66,"column":107}},{"start":{"line":66,"column":111},"end":{"line":66,"column":115}}]},"4":{"loc":{"start":{"line":68,"column":8},"end":{"line":97,"column":9}},"type":"if","locations":[{"start":{"line":68,"column":8},"end":{"line":97,"column":9}},{"start":{"line":92,"column":15},"end":{"line":97,"column":9}}]},"5":{"loc":{"start":{"line":72,"column":10},"end":{"line":81,"column":11}},"type":"if","locations":[{"start":{"line":72,"column":10},"end":{"line":81,"column":11}}]},"6":{"loc":{"start":{"line":72,"column":14},"end":{"line":72,"column":56}},"type":"binary-expr","locations":[{"start":{"line":72,"column":14},"end":{"line":72,"column":24}},{"start":{"line":72,"column":28},"end":{"line":72,"column":56}}]},"7":{"loc":{"start":{"line":77,"column":12},"end":{"line":79,"column":13}},"type":"if","locations":[{"start":{"line":77,"column":12},"end":{"line":79,"column":13}}]},"8":{"loc":{"start":{"line":94,"column":10},"end":{"line":94,"column":60}},"type":"if","locations":[{"start":{"line":94,"column":10},"end":{"line":94,"column":60}}]},"9":{"loc":{"start":{"line":104,"column":25},"end":{"line":104,"column":110}},"type":"binary-expr","locations":[{"start":{"line":104,"column":25},"end":{"line":104,"column":102}},{"start":{"line":104,"column":106},"end":{"line":104,"column":110}}]},"10":{"loc":{"start":{"line":105,"column":4},"end":{"line":124,"column":5}},"type":"if","locations":[{"start":{"line":105,"column":4},"end":{"line":124,"column":5}}]},"11":{"loc":{"start":{"line":110,"column":6},"end":{"line":112,"column":7}},"type":"if","locations":[{"start":{"line":110,"column":6},"end":{"line":112,"column":7}}]},"12":{"loc":{"start":{"line":134,"column":7},"end":{"line":136,"column":null}},"type":"binary-expr","locations":[{"start":{"line":134,"column":7},"end":{"line":134,"column":22}},{"start":{"line":134,"column":26},"end":{"line":134,"column":37}},{"start":{"line":134,"column":41},"end":{"line":136,"column":null}}]}},"s":{"0":1,"1":1,"2":1,"3":1,"4":21,"5":21,"6":21,"7":18,"8":0,"9":18,"10":18,"11":18,"12":18,"13":18,"14":21,"15":8,"16":8,"17":0,"18":0,"19":8,"20":27,"21":28,"22":28,"23":18,"24":18,"25":18,"26":5,"27":5,"28":5,"29":5,"30":5,"31":5,"32":5,"33":18,"34":18,"35":18,"36":18,"37":18,"38":18,"39":18,"40":10,"41":10,"42":1,"43":10,"44":10,"45":8,"46":8,"47":8,"48":0,"49":0,"50":0,"51":0,"52":0,"53":0,"54":0,"55":0,"56":0,"57":0,"58":0,"59":0,"60":0,"61":0,"62":0,"63":8,"64":8,"65":21,"66":1},"f":{"0":21,"1":18,"2":8,"3":27,"4":28,"5":8},"b":{"0":[0],"1":[18,9,6,6,6,6,3,3],"2":[0],"3":[28,10],"4":[18,10],"5":[5],"6":[18,13],"7":[5],"8":[1],"9":[8,8],"10":[0],"11":[0],"12":[21,12,12]}}
,"C:\\Users\\patryk\\Desktop\\passwords\\extension\\src\\components\\PopoverButton.tsx": {"path":"C:\\Users\\patryk\\Desktop\\passwords\\extension\\src\\components\\PopoverButton.tsx","statementMap":{"0":{"start":{"line":1,"column":0},"end":{"line":1,"column":33}},"1":{"start":{"line":2,"column":0},"end":{"line":2,"column":48}},"2":{"start":{"line":3,"column":0},"end":{"line":3,"column":null}},"3":{"start":{"line":8,"column":0},"end":{"line":8,"column":52}},"4":{"start":{"line":9,"column":0},"end":{"line":9,"column":39}},"5":{"start":{"line":35,"column":30},"end":{"line":35,"column":45}},"6":{"start":{"line":37,"column":2},"end":{"line":59,"column":4}},"7":{"start":{"line":44,"column":25},"end":{"line":44,"column":43}},"8":{"start":{"line":62,"column":0},"end":{"line":62,"column":29}}},"fnMap":{"0":{"name":"PopoverButton","decl":{"start":{"line":34,"column":9},"end":{"line":34,"column":22}},"loc":{"start":{"line":34,"column":22},"end":{"line":60,"column":1}}},"1":{"name":"(anonymous_1)","decl":{"start":{"line":44,"column":19},"end":{"line":44,"column":22}},"loc":{"start":{"line":44,"column":25},"end":{"line":44,"column":43}}}},"branchMap":{"0":{"loc":{"start":{"line":46,"column":11},"end":{"line":49,"column":null}},"type":"cond-expr","locations":[{"start":{"line":47,"column":12},"end":{"line":47,"column":37}},{"start":{"line":49,"column":12},"end":{"line":49,"column":40}}]}},"s":{"0":1,"1":1,"2":1,"3":1,"4":1,"5":8,"6":8,"7":4,"8":1},"f":{"0":8,"1":4},"b":{"0":[3,5]}}
,"C:\\Users\\patryk\\Desktop\\passwords\\extension\\src\\components\\RecoverMasterKeyDialog.tsx": {"path":"C:\\Users\\patryk\\Desktop\\passwords\\extension\\src\\components\\RecoverMasterKeyDialog.tsx","statementMap":{"0":{"start":{"line":65,"column":0},"end":{"line":65,"column":16}},"1":{"start":{"line":1,"column":0},"end":{"line":1,"column":40}},"2":{"start":{"line":2,"column":0},"end":{"line":2,"column":48}},"3":{"start":{"line":3,"column":0},"end":{"line":3,"column":null}},"4":{"start":{"line":11,"column":0},"end":{"line":11,"column":46}},"5":{"start":{"line":12,"column":0},"end":{"line":12,"column":46}},"6":{"start":{"line":13,"column":0},"end":{"line":13,"column":31}},"7":{"start":{"line":70,"column":37},"end":{"line":70,"column":49}},"8":{"start":{"line":71,"column":50},"end":{"line":71,"column":62}},"9":{"start":{"line":72,"column":28},"end":{"line":72,"column":40}},"10":{"start":{"line":74,"column":23},"end":{"line":105,"column":3}},"11":{"start":{"line":75,"column":4},"end":{"line":75,"column":17}},"12":{"start":{"line":77,"column":4},"end":{"line":80,"column":5}},"13":{"start":{"line":78,"column":6},"end":{"line":78,"column":40}},"14":{"start":{"line":79,"column":6},"end":{"line":79,"column":13}},"15":{"start":{"line":81,"column":4},"end":{"line":84,"column":5}},"16":{"start":{"line":82,"column":6},"end":{"line":82,"column":71}},"17":{"start":{"line":83,"column":6},"end":{"line":83,"column":13}},"18":{"start":{"line":86,"column":4},"end":{"line":104,"column":5}},"19":{"start":{"line":87,"column":6},"end":{"line":87,"column":36}},"20":{"start":{"line":89,"column":6},"end":{"line":92,"column":9}},"21":{"start":{"line":94,"column":6},"end":{"line":94,"column":29}},"22":{"start":{"line":95,"column":6},"end":{"line":95,"column":24}},"23":{"start":{"line":96,"column":6},"end":{"line":96,"column":30}},"24":{"start":{"line":98,"column":6},"end":{"line":98,"column":66}},"25":{"start":{"line":99,"column":6},"end":{"line":99,"column":87}},"26":{"start":{"line":100,"column":6},"end":{"line":103,"column":9}},"27":{"start":{"line":107,"column":2},"end":{"line":155,"column":4}},"28":{"start":{"line":125,"column":31},"end":{"line":125,"column":60}},"29":{"start":{"line":138,"column":31},"end":{"line":138,"column":66}},"30":{"start":{"line":148,"column":51},"end":{"line":148,"column":73}}},"fnMap":{"0":{"name":"RecoverMasterkeyDialog","decl":{"start":{"line":65,"column":16},"end":{"line":65,"column":38}},"loc":{"start":{"line":69,"column":30},"end":{"line":156,"column":1}}},"1":{"name":"(anonymous_1)","decl":{"start":{"line":74,"column":23},"end":{"line":74,"column":28}},"loc":{"start":{"line":74,"column":34},"end":{"line":105,"column":3}}},"2":{"name":"(anonymous_2)","decl":{"start":{"line":125,"column":24},"end":{"line":125,"column":25}},"loc":{"start":{"line":125,"column":31},"end":{"line":125,"column":60}}},"3":{"name":"(anonymous_3)","decl":{"start":{"line":138,"column":24},"end":{"line":138,"column":25}},"loc":{"start":{"line":138,"column":31},"end":{"line":138,"column":66}}},"4":{"name":"(anonymous_4)","decl":{"start":{"line":148,"column":45},"end":{"line":148,"column":48}},"loc":{"start":{"line":148,"column":51},"end":{"line":148,"column":73}}}},"branchMap":{"0":{"loc":{"start":{"line":77,"column":4},"end":{"line":80,"column":5}},"type":"if","locations":[{"start":{"line":77,"column":4},"end":{"line":80,"column":5}}]},"1":{"loc":{"start":{"line":77,"column":8},"end":{"line":77,"column":39}},"type":"binary-expr","locations":[{"start":{"line":77,"column":8},"end":{"line":77,"column":18}},{"start":{"line":77,"column":22},"end":{"line":77,"column":39}}]},"2":{"loc":{"start":{"line":81,"column":4},"end":{"line":84,"column":5}},"type":"if","locations":[{"start":{"line":81,"column":4},"end":{"line":84,"column":5}}]},"3":{"loc":{"start":{"line":144,"column":13},"end":{"line":144,"column":92}},"type":"binary-expr","locations":[{"start":{"line":144,"column":13},"end":{"line":144,"column":18}},{"start":{"line":144,"column":22},"end":{"line":144,"column":92}}]}},"s":{"0":1,"1":1,"2":1,"3":1,"4":1,"5":1,"6":1,"7":19,"8":19,"9":19,"10":19,"11":4,"12":4,"13":1,"14":1,"15":3,"16":1,"17":1,"18":2,"19":2,"20":1,"21":1,"22":1,"23":1,"24":1,"25":1,"26":1,"27":19,"28":3,"29":3,"30":1},"f":{"0":19,"1":4,"2":3,"3":3,"4":1},"b":{"0":[1],"1":[4,3],"2":[1],"3":[19,4]}}
,"C:\\Users\\patryk\\Desktop\\passwords\\extension\\src\\components\\TableWidget.tsx": {"path":"C:\\Users\\patryk\\Desktop\\passwords\\extension\\src\\components\\TableWidget.tsx","statementMap":{"0":{"start":{"line":1,"column":0},"end":{"line":1,"column":60}},"1":{"start":{"line":2,"column":0},"end":{"line":2,"column":48}},"2":{"start":{"line":3,"column":0},"end":{"line":3,"column":43}},"3":{"start":{"line":4,"column":0},"end":{"line":4,"column":40}},"4":{"start":{"line":5,"column":0},"end":{"line":5,"column":42}},"5":{"start":{"line":6,"column":0},"end":{"line":6,"column":66}},"6":{"start":{"line":7,"column":0},"end":{"line":7,"column":33}},"7":{"start":{"line":36,"column":27},"end":{"line":75,"column":1}},"8":{"start":{"line":37,"column":34},"end":{"line":37,"column":54}},"9":{"start":{"line":38,"column":42},"end":{"line":38,"column":57}},"10":{"start":{"line":39,"column":2},"end":{"line":41,"column":3}},"11":{"start":{"line":40,"column":4},"end":{"line":40,"column":54}},"12":{"start":{"line":42,"column":2},"end":{"line":74,"column":3}},"13":{"start":{"line":43,"column":4},"end":{"line":73,"column":6}},"14":{"start":{"line":50,"column":14},"end":{"line":50,"column":51}},"15":{"start":{"line":51,"column":14},"end":{"line":51,"column":39}},"16":{"start":{"line":60,"column":27},"end":{"line":60,"column":48}},"17":{"start":{"line":36,"column":13},"end":{"line":36,"column":27}}},"fnMap":{"0":{"name":"(anonymous_0)","decl":{"start":{"line":36,"column":27},"end":{"line":36,"column":30}},"loc":{"start":{"line":36,"column":32},"end":{"line":75,"column":1}}},"1":{"name":"(anonymous_1)","decl":{"start":{"line":49,"column":21},"end":{"line":49,"column":24}},"loc":{"start":{"line":49,"column":26},"end":{"line":52,"column":13}}},"2":{"name":"(anonymous_2)","decl":{"start":{"line":60,"column":21},"end":{"line":60,"column":24}},"loc":{"start":{"line":60,"column":27},"end":{"line":60,"column":48}}}},"branchMap":{"0":{"loc":{"start":{"line":39,"column":2},"end":{"line":41,"column":3}},"type":"if","locations":[{"start":{"line":39,"column":2},"end":{"line":41,"column":3}}]},"1":{"loc":{"start":{"line":42,"column":2},"end":{"line":74,"column":3}},"type":"if","locations":[{"start":{"line":42,"column":2},"end":{"line":74,"column":3}}]}},"s":{"0":1,"1":1,"2":1,"3":1,"4":1,"5":1,"6":1,"7":1,"8":8,"9":8,"10":8,"11":1,"12":7,"13":7,"14":1,"15":1,"16":2,"17":1},"f":{"0":8,"1":1,"2":2},"b":{"0":[1],"1":[7]}}
,"C:\\Users\\patryk\\Desktop\\passwords\\extension\\src\\components\\ui\\button.tsx": {"path":"C:\\Users\\patryk\\Desktop\\passwords\\extension\\src\\components\\ui\\button.tsx","statementMap":{"0":{"start":{"line":58,"column":9},"end":{"line":58,"column":15}},"1":{"start":{"line":1,"column":0},"end":{"line":1,"column":30}},"2":{"start":{"line":2,"column":0},"end":{"line":2,"column":43}},"3":{"start":{"line":3,"column":0},"end":{"line":3,"column":65}},"4":{"start":{"line":5,"column":0},"end":{"line":5,"column":32}},"5":{"start":{"line":6,"column":23},"end":{"line":34,"column":null}},"6":{"start":{"line":58,"column":17},"end":{"line":58,"column":31}},"7":{"start":{"line":47,"column":15},"end":{"line":47,"column":40}},"8":{"start":{"line":49,"column":2},"end":{"line":55,"column":null}}},"fnMap":{"0":{"name":"Button","decl":{"start":{"line":37,"column":9},"end":{"line":37,"column":15}},"loc":{"start":{"line":46,"column":3},"end":{"line":56,"column":1}}}},"branchMap":{"0":{"loc":{"start":{"line":41,"column":2},"end":{"line":41,"column":17}},"type":"default-arg","locations":[{"start":{"line":41,"column":12},"end":{"line":41,"column":17}}]},"1":{"loc":{"start":{"line":47,"column":15},"end":{"line":47,"column":40}},"type":"cond-expr","locations":[{"start":{"line":47,"column":25},"end":{"line":47,"column":29}},{"start":{"line":47,"column":32},"end":{"line":47,"column":40}}]}},"s":{"0":1,"1":1,"2":1,"3":1,"4":1,"5":1,"6":1,"7":32,"8":32},"f":{"0":32},"b":{"0":[32],"1":[0,32]}}
,"C:\\Users\\patryk\\Desktop\\passwords\\extension\\src\\components\\ui\\dialog.tsx": {"path":"C:\\Users\\patryk\\Desktop\\passwords\\extension\\src\\components\\ui\\dialog.tsx","statementMap":{"0":{"start":{"line":123,"column":2},"end":{"line":123,"column":8}},"1":{"start":{"line":124,"column":2},"end":{"line":124,"column":13}},"2":{"start":{"line":125,"column":2},"end":{"line":125,"column":15}},"3":{"start":{"line":126,"column":2},"end":{"line":126,"column":19}},"4":{"start":{"line":127,"column":2},"end":{"line":127,"column":14}},"5":{"start":{"line":128,"column":2},"end":{"line":128,"column":14}},"6":{"start":{"line":129,"column":2},"end":{"line":129,"column":15}},"7":{"start":{"line":130,"column":2},"end":{"line":130,"column":14}},"8":{"start":{"line":131,"column":2},"end":{"line":131,"column":13}},"9":{"start":{"line":132,"column":2},"end":{"line":132,"column":15}},"10":{"start":{"line":1,"column":0},"end":{"line":1,"column":30}},"11":{"start":{"line":2,"column":0},"end":{"line":2,"column":57}},"12":{"start":{"line":3,"column":0},"end":{"line":3,"column":36}},"13":{"start":{"line":5,"column":0},"end":{"line":5,"column":32}},"14":{"start":{"line":10,"column":2},"end":{"line":10,"column":null}},"15":{"start":{"line":16,"column":2},"end":{"line":16,"column":null}},"16":{"start":{"line":22,"column":2},"end":{"line":22,"column":null}},"17":{"start":{"line":28,"column":2},"end":{"line":28,"column":null}},"18":{"start":{"line":35,"column":2},"end":{"line":44,"column":null}},"19":{"start":{"line":52,"column":2},"end":{"line":70,"column":null}},"20":{"start":{"line":74,"column":2},"end":{"line":80,"column":null}},"21":{"start":{"line":84,"column":2},"end":{"line":93,"column":null}},"22":{"start":{"line":100,"column":2},"end":{"line":106,"column":null}},"23":{"start":{"line":113,"column":2},"end":{"line":119,"column":null}}},"fnMap":{"0":{"name":"Dialog","decl":{"start":{"line":7,"column":9},"end":{"line":7,"column":15}},"loc":{"start":{"line":9,"column":52},"end":{"line":11,"column":1}}},"1":{"name":"DialogTrigger","decl":{"start":{"line":13,"column":9},"end":{"line":13,"column":22}},"loc":{"start":{"line":15,"column":55},"end":{"line":17,"column":1}}},"2":{"name":"DialogPortal","decl":{"start":{"line":19,"column":9},"end":{"line":19,"column":21}},"loc":{"start":{"line":21,"column":54},"end":{"line":23,"column":1}}},"3":{"name":"DialogClose","decl":{"start":{"line":25,"column":9},"end":{"line":25,"column":20}},"loc":{"start":{"line":27,"column":53},"end":{"line":29,"column":1}}},"4":{"name":"DialogOverlay","decl":{"start":{"line":31,"column":9},"end":{"line":31,"column":22}},"loc":{"start":{"line":34,"column":55},"end":{"line":45,"column":1}}},"5":{"name":"DialogContent","decl":{"start":{"line":47,"column":9},"end":{"line":47,"column":22}},"loc":{"start":{"line":51,"column":55},"end":{"line":71,"column":1}}},"6":{"name":"DialogHeader","decl":{"start":{"line":73,"column":9},"end":{"line":73,"column":21}},"loc":{"start":{"line":73,"column":74},"end":{"line":81,"column":1}}},"7":{"name":"DialogFooter","decl":{"start":{"line":83,"column":9},"end":{"line":83,"column":21}},"loc":{"start":{"line":83,"column":74},"end":{"line":94,"column":1}}},"8":{"name":"DialogTitle","decl":{"start":{"line":96,"column":9},"end":{"line":96,"column":20}},"loc":{"start":{"line":99,"column":53},"end":{"line":107,"column":1}}},"9":{"name":"DialogDescription","decl":{"start":{"line":109,"column":9},"end":{"line":109,"column":26}},"loc":{"start":{"line":112,"column":59},"end":{"line":120,"column":1}}}},"branchMap":{},"s":{"0":1,"1":1,"2":1,"3":1,"4":1,"5":1,"6":1,"7":1,"8":1,"9":1,"10":1,"11":1,"12":1,"13":1,"14":17,"15":0,"16":17,"17":0,"18":22,"19":17,"20":16,"21":16,"22":16,"23":16},"f":{"0":17,"1":0,"2":17,"3":0,"4":22,"5":17,"6":16,"7":16,"8":16,"9":16},"b":{}}
,"C:\\Users\\patryk\\Desktop\\passwords\\extension\\src\\components\\ui\\input.tsx": {"path":"C:\\Users\\patryk\\Desktop\\passwords\\extension\\src\\components\\ui\\input.tsx","statementMap":{"0":{"start":{"line":20,"column":9},"end":{"line":20,"column":14}},"1":{"start":{"line":1,"column":0},"end":{"line":1,"column":30}},"2":{"start":{"line":3,"column":0},"end":{"line":3,"column":32}},"3":{"start":{"line":5,"column":2},"end":{"line":17,"column":null}}},"fnMap":{"0":{"name":"Input","decl":{"start":{"line":4,"column":9},"end":{"line":4,"column":14}},"loc":{"start":{"line":4,"column":75},"end":{"line":18,"column":1}}}},"branchMap":{},"s":{"0":1,"1":1,"2":1,"3":32},"f":{"0":32},"b":{}}
,"C:\\Users\\patryk\\Desktop\\passwords\\extension\\src\\components\\ui\\label.tsx": {"path":"C:\\Users\\patryk\\Desktop\\passwords\\extension\\src\\components\\ui\\label.tsx","statementMap":{"0":{"start":{"line":21,"column":9},"end":{"line":21,"column":14}},"1":{"start":{"line":1,"column":0},"end":{"line":1,"column":30}},"2":{"start":{"line":2,"column":0},"end":{"line":2,"column":55}},"3":{"start":{"line":3,"column":0},"end":{"line":3,"column":32}},"4":{"start":{"line":9,"column":2},"end":{"line":18,"column":null}}},"fnMap":{"0":{"name":"Label","decl":{"start":{"line":5,"column":9},"end":{"line":5,"column":14}},"loc":{"start":{"line":8,"column":51},"end":{"line":19,"column":1}}}},"branchMap":{},"s":{"0":1,"1":1,"2":1,"3":1,"4":32},"f":{"0":32},"b":{}}
,"C:\\Users\\patryk\\Desktop\\passwords\\extension\\src\\lib\\functions.ts": {"path":"C:\\Users\\patryk\\Desktop\\passwords\\extension\\src\\lib\\functions.ts","statementMap":{"0":{"start":{"line":26,"column":0},"end":{"line":26,"column":16}},"1":{"start":{"line":298,"column":0},"end":{"line":298,"column":16}},"2":{"start":{"line":27,"column":2},"end":{"line":43,"column":3}},"3":{"start":{"line":29,"column":17},"end":{"line":29,"column":52}},"4":{"start":{"line":32,"column":4},"end":{"line":32,"column":34}},"5":{"start":{"line":35,"column":4},"end":{"line":35,"column":48}},"6":{"start":{"line":38,"column":4},"end":{"line":38,"column":43}},"7":{"start":{"line":40,"column":4},"end":{"line":40,"column":65}},"8":{"start":{"line":42,"column":4},"end":{"line":42,"column":15}},"9":{"start":{"line":76,"column":30},"end":{"line":104,"column":1}},"10":{"start":{"line":77,"column":15},"end":{"line":77,"column":40}},"11":{"start":{"line":79,"column":14},"end":{"line":79,"column":24}},"12":{"start":{"line":80,"column":21},"end":{"line":80,"column":89}},"13":{"start":{"line":82,"column":22},"end":{"line":82,"column":24}},"14":{"start":{"line":83,"column":2},"end":{"line":90,"column":3}},"15":{"start":{"line":84,"column":4},"end":{"line":84,"column":27}},"16":{"start":{"line":85,"column":4},"end":{"line":85,"column":66}},"17":{"start":{"line":85,"column":40},"end":{"line":85,"column":66}},"18":{"start":{"line":86,"column":9},"end":{"line":90,"column":3}},"19":{"start":{"line":87,"column":4},"end":{"line":87,"column":30}},"20":{"start":{"line":89,"column":4},"end":{"line":89,"column":40}},"21":{"start":{"line":92,"column":15},"end":{"line":95,"column":4}},"22":{"start":{"line":97,"column":2},"end":{"line":103,"column":4}},"23":{"start":{"line":76,"column":13},"end":{"line":76,"column":30}},"24":{"start":{"line":131,"column":40},"end":{"line":140,"column":1}},"25":{"start":{"line":132,"column":2},"end":{"line":132,"column":41}},"26":{"start":{"line":132,"column":28},"end":{"line":132,"column":41}},"27":{"start":{"line":133,"column":15},"end":{"line":136,"column":null}},"28":{"start":{"line":134,"column":4},"end":{"line":135,"column":null}},"29":{"start":{"line":135,"column":13},"end":{"line":135,"column":67}},"30":{"start":{"line":138,"column":24},"end":{"line":138,"column":74}},"31":{"start":{"line":138,"column":51},"end":{"line":138,"column":70}},"32":{"start":{"line":139,"column":2},"end":{"line":139,"column":58}},"33":{"start":{"line":131,"column":13},"end":{"line":131,"column":40}},"34":{"start":{"line":162,"column":33},"end":{"line":167,"column":3}},"35":{"start":{"line":163,"column":16},"end":{"line":163,"column":26}},"36":{"start":{"line":164,"column":19},"end":{"line":164,"column":64}},"37":{"start":{"line":165,"column":21},"end":{"line":165,"column":63}},"38":{"start":{"line":166,"column":4},"end":{"line":166,"column":58}},"39":{"start":{"line":162,"column":13},"end":{"line":162,"column":33}},"40":{"start":{"line":191,"column":31},"end":{"line":196,"column":3}},"41":{"start":{"line":192,"column":4},"end":{"line":192,"column":75}},"42":{"start":{"line":192,"column":24},"end":{"line":192,"column":75}},"43":{"start":{"line":193,"column":4},"end":{"line":193,"column":75}},"44":{"start":{"line":193,"column":24},"end":{"line":193,"column":75}},"45":{"start":{"line":194,"column":4},"end":{"line":194,"column":77}},"46":{"start":{"line":194,"column":24},"end":{"line":194,"column":77}},"47":{"start":{"line":195,"column":4},"end":{"line":195,"column":55}},"48":{"start":{"line":191,"column":13},"end":{"line":191,"column":31}},"49":{"start":{"line":199,"column":15},"end":{"line":207,"column":4}},"50":{"start":{"line":244,"column":34},"end":{"line":263,"column":3}},"51":{"start":{"line":245,"column":23},"end":{"line":245,"column":27}},"52":{"start":{"line":246,"column":24},"end":{"line":246,"column":44}},"53":{"start":{"line":248,"column":23},"end":{"line":248,"column":33}},"54":{"start":{"line":249,"column":4},"end":{"line":249,"column":49}},"55":{"start":{"line":251,"column":4},"end":{"line":257,"column":7}},"56":{"start":{"line":252,"column":19},"end":{"line":252,"column":44}},"57":{"start":{"line":253,"column":6},"end":{"line":256,"column":7}},"58":{"start":{"line":254,"column":25},"end":{"line":254,"column":38}},"59":{"start":{"line":255,"column":8},"end":{"line":255,"column":45}},"60":{"start":{"line":259,"column":4},"end":{"line":262,"column":8}},"61":{"start":{"line":259,"column":43},"end":{"line":262,"column":6}},"62":{"start":{"line":244,"column":15},"end":{"line":244,"column":34}},"63":{"start":{"line":299,"column":4},"end":{"line":302,"column":22}},"64":{"start":{"line":300,"column":31},"end":{"line":300,"column":94}},"65":{"start":{"line":327,"column":30},"end":{"line":339,"column":1}},"66":{"start":{"line":328,"column":17},"end":{"line":336,"column":4}},"67":{"start":{"line":337,"column":15},"end":{"line":337,"column":84}},"68":{"start":{"line":337,"column":56},"end":{"line":337,"column":80}},"69":{"start":{"line":338,"column":2},"end":{"line":338,"column":38}},"70":{"start":{"line":327,"column":13},"end":{"line":327,"column":30}},"71":{"start":{"line":362,"column":27},"end":{"line":368,"column":1}},"72":{"start":{"line":363,"column":16},"end":{"line":363,"column":35}},"73":{"start":{"line":364,"column":2},"end":{"line":366,"column":3}},"74":{"start":{"line":365,"column":4},"end":{"line":365,"column":56}},"75":{"start":{"line":367,"column":2},"end":{"line":367,"column":44}},"76":{"start":{"line":362,"column":13},"end":{"line":362,"column":27}},"77":{"start":{"line":378,"column":14},"end":{"line":378,"column":31}},"78":{"start":{"line":386,"column":14},"end":{"line":386,"column":48}},"79":{"start":{"line":408,"column":32},"end":{"line":411,"column":2}},"80":{"start":{"line":409,"column":16},"end":{"line":409,"column":52}},"81":{"start":{"line":410,"column":3},"end":{"line":410,"column":39}},"82":{"start":{"line":408,"column":14},"end":{"line":408,"column":32}},"83":{"start":{"line":435,"column":33},"end":{"line":437,"column":2}},"84":{"start":{"line":436,"column":3},"end":{"line":436,"column":70}},"85":{"start":{"line":435,"column":14},"end":{"line":435,"column":33}},"86":{"start":{"line":462,"column":33},"end":{"line":469,"column":2}},"87":{"start":{"line":463,"column":24},"end":{"line":463,"column":41}},"88":{"start":{"line":464,"column":19},"end":{"line":464,"column":38}},"89":{"start":{"line":465,"column":3},"end":{"line":465,"column":62}},"90":{"start":{"line":465,"column":49},"end":{"line":465,"column":62}},"91":{"start":{"line":467,"column":32},"end":{"line":467,"column":64}},"92":{"start":{"line":468,"column":3},"end":{"line":468,"column":50}},"93":{"start":{"line":462,"column":14},"end":{"line":462,"column":33}},"94":{"start":{"line":495,"column":40},"end":{"line":503,"column":2}},"95":{"start":{"line":496,"column":24},"end":{"line":496,"column":41}},"96":{"start":{"line":497,"column":19},"end":{"line":497,"column":38}},"97":{"start":{"line":498,"column":3},"end":{"line":498,"column":58}},"98":{"start":{"line":498,"column":49},"end":{"line":498,"column":58}},"99":{"start":{"line":500,"column":32},"end":{"line":500,"column":64}},"100":{"start":{"line":501,"column":25},"end":{"line":501,"column":64}},"101":{"start":{"line":502,"column":3},"end":{"line":502,"column":66}},"102":{"start":{"line":495,"column":14},"end":{"line":495,"column":40}},"103":{"start":{"line":529,"column":36},"end":{"line":536,"column":2}},"104":{"start":{"line":530,"column":24},"end":{"line":530,"column":41}},"105":{"start":{"line":531,"column":19},"end":{"line":531,"column":70}},"106":{"start":{"line":532,"column":3},"end":{"line":532,"column":22}},"107":{"start":{"line":533,"column":3},"end":{"line":533,"column":36}},"108":{"start":{"line":534,"column":3},"end":{"line":534,"column":33}},"109":{"start":{"line":535,"column":3},"end":{"line":535,"column":34}},"110":{"start":{"line":529,"column":14},"end":{"line":529,"column":36}}},"fnMap":{"0":{"name":"extractDomain","decl":{"start":{"line":26,"column":16},"end":{"line":26,"column":29}},"loc":{"start":{"line":26,"column":41},"end":{"line":44,"column":1}}},"1":{"name":"(anonymous_1)","decl":{"start":{"line":76,"column":30},"end":{"line":76,"column":31}},"loc":{"start":{"line":76,"column":102},"end":{"line":104,"column":1}}},"2":{"name":"(anonymous_2)","decl":{"start":{"line":131,"column":40},"end":{"line":131,"column":41}},"loc":{"start":{"line":131,"column":108},"end":{"line":140,"column":1}}},"3":{"name":"(anonymous_3)","decl":{"start":{"line":133,"column":35},"end":{"line":133,"column":36}},"loc":{"start":{"line":134,"column":4},"end":{"line":135,"column":null}}},"4":{"name":"(anonymous_4)","decl":{"start":{"line":135,"column":6},"end":{"line":135,"column":7}},"loc":{"start":{"line":135,"column":13},"end":{"line":135,"column":67}}},"5":{"name":"(anonymous_5)","decl":{"start":{"line":138,"column":36},"end":{"line":138,"column":37}},"loc":{"start":{"line":138,"column":51},"end":{"line":138,"column":70}}},"6":{"name":"(anonymous_6)","decl":{"start":{"line":162,"column":33},"end":{"line":162,"column":34}},"loc":{"start":{"line":162,"column":55},"end":{"line":167,"column":3}}},"7":{"name":"(anonymous_7)","decl":{"start":{"line":191,"column":31},"end":{"line":191,"column":32}},"loc":{"start":{"line":191,"column":52},"end":{"line":196,"column":3}}},"8":{"name":"(anonymous_8)","decl":{"start":{"line":244,"column":34},"end":{"line":244,"column":35}},"loc":{"start":{"line":244,"column":83},"end":{"line":263,"column":3}}},"9":{"name":"(anonymous_9)","decl":{"start":{"line":251,"column":19},"end":{"line":251,"column":20}},"loc":{"start":{"line":251,"column":29},"end":{"line":257,"column":5}}},"10":{"name":"(anonymous_10)","decl":{"start":{"line":259,"column":26},"end":{"line":259,"column":27}},"loc":{"start":{"line":259,"column":43},"end":{"line":262,"column":6}}},"11":{"name":"get5RecentActivities","decl":{"start":{"line":298,"column":16},"end":{"line":298,"column":36}},"loc":{"start":{"line":298,"column":82},"end":{"line":303,"column":3}}},"12":{"name":"(anonymous_12)","decl":{"start":{"line":300,"column":14},"end":{"line":300,"column":15}},"loc":{"start":{"line":300,"column":31},"end":{"line":300,"column":94}}},"13":{"name":"(anonymous_13)","decl":{"start":{"line":327,"column":30},"end":{"line":327,"column":31}},"loc":{"start":{"line":327,"column":59},"end":{"line":339,"column":1}}},"14":{"name":"(anonymous_14)","decl":{"start":{"line":337,"column":41},"end":{"line":337,"column":42}},"loc":{"start":{"line":337,"column":56},"end":{"line":337,"column":80}}},"15":{"name":"(anonymous_15)","decl":{"start":{"line":362,"column":27},"end":{"line":362,"column":28}},"loc":{"start":{"line":362,"column":56},"end":{"line":368,"column":1}}},"16":{"name":"(anonymous_16)","decl":{"start":{"line":408,"column":32},"end":{"line":408,"column":71}},"loc":{"start":{"line":408,"column":73},"end":{"line":411,"column":2}}},"17":{"name":"(anonymous_17)","decl":{"start":{"line":435,"column":33},"end":{"line":435,"column":34}},"loc":{"start":{"line":435,"column":86},"end":{"line":437,"column":2}}},"18":{"name":"(anonymous_18)","decl":{"start":{"line":462,"column":33},"end":{"line":462,"column":34}},"loc":{"start":{"line":462,"column":60},"end":{"line":469,"column":2}}},"19":{"name":"(anonymous_19)","decl":{"start":{"line":495,"column":40},"end":{"line":495,"column":41}},"loc":{"start":{"line":495,"column":66},"end":{"line":503,"column":2}}},"20":{"name":"(anonymous_20)","decl":{"start":{"line":529,"column":36},"end":{"line":529,"column":37}},"loc":{"start":{"line":529,"column":54},"end":{"line":536,"column":2}}}},"branchMap":{"0":{"loc":{"start":{"line":40,"column":11},"end":{"line":40,"column":64}},"type":"cond-expr","locations":[{"start":{"line":40,"column":52},"end":{"line":40,"column":58}},{"start":{"line":40,"column":61},"end":{"line":40,"column":64}}]},"1":{"loc":{"start":{"line":40,"column":11},"end":{"line":40,"column":49}},"type":"binary-expr","locations":[{"start":{"line":40,"column":11},"end":{"line":40,"column":17}},{"start":{"line":40,"column":21},"end":{"line":40,"column":49}}]},"2":{"loc":{"start":{"line":83,"column":2},"end":{"line":90,"column":3}},"type":"if","locations":[{"start":{"line":83,"column":2},"end":{"line":90,"column":3}},{"start":{"line":86,"column":9},"end":{"line":90,"column":3}}]},"3":{"loc":{"start":{"line":85,"column":4},"end":{"line":85,"column":66}},"type":"if","locations":[{"start":{"line":85,"column":4},"end":{"line":85,"column":66}}]},"4":{"loc":{"start":{"line":86,"column":9},"end":{"line":90,"column":3}},"type":"if","locations":[{"start":{"line":86,"column":9},"end":{"line":90,"column":3}},{"start":{"line":88,"column":9},"end":{"line":90,"column":3}}]},"5":{"loc":{"start":{"line":132,"column":2},"end":{"line":132,"column":41}},"type":"if","locations":[{"start":{"line":132,"column":2},"end":{"line":132,"column":41}}]},"6":{"loc":{"start":{"line":135,"column":13},"end":{"line":135,"column":67}},"type":"binary-expr","locations":[{"start":{"line":135,"column":13},"end":{"line":135,"column":41}},{"start":{"line":135,"column":45},"end":{"line":135,"column":67}}]},"7":{"loc":{"start":{"line":139,"column":9},"end":{"line":139,"column":57}},"type":"binary-expr","locations":[{"start":{"line":139,"column":9},"end":{"line":139,"column":48}},{"start":{"line":139,"column":52},"end":{"line":139,"column":57}}]},"8":{"loc":{"start":{"line":166,"column":11},"end":{"line":166,"column":57}},"type":"cond-expr","locations":[{"start":{"line":166,"column":28},"end":{"line":166,"column":37}},{"start":{"line":166,"column":40},"end":{"line":166,"column":57}}]},"9":{"loc":{"start":{"line":192,"column":4},"end":{"line":192,"column":75}},"type":"if","locations":[{"start":{"line":192,"column":4},"end":{"line":192,"column":75}}]},"10":{"loc":{"start":{"line":193,"column":4},"end":{"line":193,"column":75}},"type":"if","locations":[{"start":{"line":193,"column":4},"end":{"line":193,"column":75}}]},"11":{"loc":{"start":{"line":194,"column":4},"end":{"line":194,"column":77}},"type":"if","locations":[{"start":{"line":194,"column":4},"end":{"line":194,"column":77}}]},"12":{"loc":{"start":{"line":253,"column":6},"end":{"line":256,"column":7}},"type":"if","locations":[{"start":{"line":253,"column":6},"end":{"line":256,"column":7}}]},"13":{"loc":{"start":{"line":299,"column":11},"end":{"line":302,"column":21}},"type":"cond-expr","locations":[{"start":{"line":299,"column":18},"end":{"line":302,"column":16}},{"start":{"line":302,"column":19},"end":{"line":302,"column":21}}]},"14":{"loc":{"start":{"line":300,"column":31},"end":{"line":300,"column":94}},"type":"binary-expr","locations":[{"start":{"line":300,"column":31},"end":{"line":300,"column":35}},{"start":{"line":300,"column":40},"end":{"line":300,"column":65}},{"start":{"line":300,"column":69},"end":{"line":300,"column":93}}]},"15":{"loc":{"start":{"line":364,"column":2},"end":{"line":366,"column":3}},"type":"if","locations":[{"start":{"line":364,"column":2},"end":{"line":366,"column":3}}]},"16":{"loc":{"start":{"line":410,"column":10},"end":{"line":410,"column":38}},"type":"cond-expr","locations":[{"start":{"line":410,"column":17},"end":{"line":410,"column":33}},{"start":{"line":410,"column":36},"end":{"line":410,"column":38}}]},"17":{"loc":{"start":{"line":465,"column":3},"end":{"line":465,"column":62}},"type":"if","locations":[{"start":{"line":465,"column":3},"end":{"line":465,"column":62}}]},"18":{"loc":{"start":{"line":465,"column":7},"end":{"line":465,"column":47}},"type":"binary-expr","locations":[{"start":{"line":465,"column":7},"end":{"line":465,"column":15}},{"start":{"line":465,"column":19},"end":{"line":465,"column":47}}]},"19":{"loc":{"start":{"line":498,"column":3},"end":{"line":498,"column":58}},"type":"if","locations":[{"start":{"line":498,"column":3},"end":{"line":498,"column":58}}]},"20":{"loc":{"start":{"line":498,"column":7},"end":{"line":498,"column":47}},"type":"binary-expr","locations":[{"start":{"line":498,"column":7},"end":{"line":498,"column":15}},{"start":{"line":498,"column":19},"end":{"line":498,"column":47}}]},"21":{"loc":{"start":{"line":502,"column":10},"end":{"line":502,"column":65}},"type":"cond-expr","locations":[{"start":{"line":502,"column":30},"end":{"line":502,"column":61}},{"start":{"line":502,"column":64},"end":{"line":502,"column":65}}]},"22":{"loc":{"start":{"line":531,"column":19},"end":{"line":531,"column":70}},"type":"binary-expr","locations":[{"start":{"line":531,"column":19},"end":{"line":531,"column":38}},{"start":{"line":531,"column":42},"end":{"line":531,"column":70}}]}},"s":{"0":2,"1":2,"2":23,"3":23,"4":23,"5":23,"6":23,"7":23,"8":0,"9":2,"10":6,"11":6,"12":6,"13":6,"14":6,"15":3,"16":3,"17":0,"18":3,"19":1,"20":2,"21":6,"22":6,"23":2,"24":2,"25":3,"26":1,"27":2,"28":4,"29":5,"30":2,"31":3,"32":2,"33":2,"34":2,"35":3,"36":3,"37":3,"38":3,"39":2,"40":2,"41":4,"42":1,"43":3,"44":1,"45":2,"46":1,"47":1,"48":2,"49":2,"50":2,"51":2,"52":2,"53":2,"54":2,"55":2,"56":5,"57":5,"58":2,"59":2,"60":2,"61":14,"62":2,"63":3,"64":3,"65":2,"66":3,"67":3,"68":21,"69":3,"70":2,"71":2,"72":3,"73":3,"74":1,"75":2,"76":2,"77":2,"78":2,"79":2,"80":25,"81":25,"82":2,"83":2,"84":18,"85":2,"86":2,"87":3,"88":3,"89":3,"90":1,"91":2,"92":2,"93":2,"94":2,"95":3,"96":3,"97":3,"98":1,"99":2,"100":2,"101":2,"102":2,"103":2,"104":15,"105":15,"106":15,"107":15,"108":15,"109":15,"110":2},"f":{"0":23,"1":6,"2":3,"3":4,"4":5,"5":3,"6":3,"7":4,"8":2,"9":5,"10":14,"11":3,"12":3,"13":3,"14":21,"15":3,"16":25,"17":18,"18":3,"19":3,"20":15},"b":{"0":[23,0],"1":[23,23],"2":[3,3],"3":[0],"4":[1,2],"5":[1],"6":[5,3],"7":[2,0],"8":[1,2],"9":[1],"10":[1],"11":[1],"12":[2],"13":[2,1],"14":[3,3,0],"15":[1],"16":[18,7],"17":[1],"18":[3,3],"19":[1],"20":[3,3],"21":[1,1],"22":[15,6]}}
,"C:\\Users\\patryk\\Desktop\\passwords\\extension\\src\\lib\\icons.ts": {"path":"C:\\Users\\patryk\\Desktop\\passwords\\extension\\src\\lib\\icons.ts","statementMap":{"0":{"start":{"line":193,"column":2},"end":{"line":193,"column":18}},"1":{"start":{"line":1,"column":0},"end":{"line":1,"column":44}},"2":{"start":{"line":45,"column":15},"end":{"line":150,"column":4}},"3":{"start":{"line":178,"column":29},"end":{"line":191,"column":3}},"4":{"start":{"line":180,"column":28},"end":{"line":180,"column":82}},"5":{"start":{"line":183,"column":28},"end":{"line":187,"column":6}},"6":{"start":{"line":184,"column":29},"end":{"line":184,"column":76}},"7":{"start":{"line":185,"column":28},"end":{"line":185,"column":74}},"8":{"start":{"line":186,"column":6},"end":{"line":186,"column":97}},"9":{"start":{"line":190,"column":4},"end":{"line":190,"column":55}},"10":{"start":{"line":178,"column":15},"end":{"line":178,"column":29}},"11":{"start":{"line":196,"column":30},"end":{"line":196,"column":82}},"12":{"start":{"line":199,"column":30},"end":{"line":203,"column":8}},"13":{"start":{"line":200,"column":31},"end":{"line":200,"column":78}},"14":{"start":{"line":201,"column":30},"end":{"line":201,"column":76}},"15":{"start":{"line":202,"column":8},"end":{"line":202,"column":99}},"16":{"start":{"line":206,"column":6},"end":{"line":206,"column":76}},"17":{"start":{"line":209,"column":19},"end":{"line":214,"column":3}},"18":{"start":{"line":210,"column":4},"end":{"line":210,"column":24}},"19":{"start":{"line":210,"column":14},"end":{"line":210,"column":24}},"20":{"start":{"line":211,"column":4},"end":{"line":211,"column":45}},"21":{"start":{"line":211,"column":34},"end":{"line":211,"column":45}},"22":{"start":{"line":212,"column":4},"end":{"line":212,"column":44}},"23":{"start":{"line":212,"column":33},"end":{"line":212,"column":44}},"24":{"start":{"line":213,"column":4},"end":{"line":213,"column":28}}},"fnMap":{"0":{"name":"(anonymous_0)","decl":{"start":{"line":178,"column":29},"end":{"line":178,"column":30}},"loc":{"start":{"line":178,"column":55},"end":{"line":191,"column":3}}},"1":{"name":"(anonymous_1)","decl":{"start":{"line":183,"column":43},"end":{"line":183,"column":44}},"loc":{"start":{"line":183,"column":56},"end":{"line":187,"column":5}}},"2":{"name":"getLoginUrl","decl":{"start":{"line":193,"column":18},"end":{"line":193,"column":29}},"loc":{"start":{"line":193,"column":41},"end":{"line":207,"column":3}}},"3":{"name":"(anonymous_3)","decl":{"start":{"line":199,"column":45},"end":{"line":199,"column":46}},"loc":{"start":{"line":199,"column":58},"end":{"line":203,"column":7}}},"4":{"name":"(anonymous_4)","decl":{"start":{"line":209,"column":19},"end":{"line":209,"column":20}},"loc":{"start":{"line":209,"column":50},"end":{"line":214,"column":3}}}},"branchMap":{"0":{"loc":{"start":{"line":186,"column":13},"end":{"line":186,"column":96}},"type":"binary-expr","locations":[{"start":{"line":186,"column":13},"end":{"line":186,"column":53}},{"start":{"line":186,"column":57},"end":{"line":186,"column":96}}]},"1":{"loc":{"start":{"line":190,"column":11},"end":{"line":190,"column":54}},"type":"cond-expr","locations":[{"start":{"line":190,"column":29},"end":{"line":190,"column":49}},{"start":{"line":190,"column":52},"end":{"line":190,"column":54}}]},"2":{"loc":{"start":{"line":202,"column":15},"end":{"line":202,"column":98}},"type":"binary-expr","locations":[{"start":{"line":202,"column":15},"end":{"line":202,"column":55}},{"start":{"line":202,"column":59},"end":{"line":202,"column":98}}]},"3":{"loc":{"start":{"line":206,"column":13},"end":{"line":206,"column":75}},"type":"cond-expr","locations":[{"start":{"line":206,"column":31},"end":{"line":206,"column":69}},{"start":{"line":206,"column":72},"end":{"line":206,"column":75}}]},"4":{"loc":{"start":{"line":206,"column":40},"end":{"line":206,"column":68}},"type":"binary-expr","locations":[{"start":{"line":206,"column":40},"end":{"line":206,"column":61}},{"start":{"line":206,"column":65},"end":{"line":206,"column":68}}]},"5":{"loc":{"start":{"line":210,"column":4},"end":{"line":210,"column":24}},"type":"if","locations":[{"start":{"line":210,"column":4},"end":{"line":210,"column":24}}]},"6":{"loc":{"start":{"line":211,"column":4},"end":{"line":211,"column":45}},"type":"if","locations":[{"start":{"line":211,"column":4},"end":{"line":211,"column":45}}]},"7":{"loc":{"start":{"line":212,"column":4},"end":{"line":212,"column":44}},"type":"if","locations":[{"start":{"line":212,"column":4},"end":{"line":212,"column":44}}]}},"s":{"0":1,"1":1,"2":1,"3":1,"4":17,"5":17,"6":233,"7":233,"8":233,"9":17,"10":1,"11":0,"12":0,"13":0,"14":0,"15":0,"16":0,"17":1,"18":0,"19":0,"20":0,"21":0,"22":0,"23":0,"24":0},"f":{"0":17,"1":233,"2":0,"3":0,"4":0},"b":{"0":[233,225],"1":[15,2],"2":[0,0],"3":[0,0],"4":[0,0],"5":[0],"6":[0],"7":[0]}}
,"C:\\Users\\patryk\\Desktop\\passwords\\extension\\src\\lib\\utils.ts": {"path":"C:\\Users\\patryk\\Desktop\\passwords\\extension\\src\\lib\\utils.ts","statementMap":{"0":{"start":{"line":4,"column":0},"end":{"line":4,"column":16}},"1":{"start":{"line":1,"column":0},"end":{"line":1,"column":44}},"2":{"start":{"line":2,"column":0},"end":{"line":2,"column":40}},"3":{"start":{"line":5,"column":2},"end":{"line":5,"column":null}}},"fnMap":{"0":{"name":"cn","decl":{"start":{"line":4,"column":16},"end":{"line":4,"column":18}},"loc":{"start":{"line":4,"column":42},"end":{"line":6,"column":1}}}},"branchMap":{},"s":{"0":1,"1":1,"2":1,"3":199},"f":{"0":199},"b":{}}
,"C:\\Users\\patryk\\Desktop\\passwords\\extension\\src\\lib\\validators.ts": {"path":"C:\\Users\\patryk\\Desktop\\passwords\\extension\\src\\lib\\validators.ts","statementMap":{"0":{"start":{"line":185,"column":0},"end":{"line":185,"column":16}},"1":{"start":{"line":22,"column":28},"end":{"line":36,"column":3}},"2":{"start":{"line":23,"column":4},"end":{"line":25,"column":5}},"3":{"start":{"line":24,"column":6},"end":{"line":24,"column":52}},"4":{"start":{"line":26,"column":4},"end":{"line":28,"column":5}},"5":{"start":{"line":27,"column":6},"end":{"line":27,"column":55}},"6":{"start":{"line":29,"column":4},"end":{"line":31,"column":5}},"7":{"start":{"line":30,"column":6},"end":{"line":30,"column":44}},"8":{"start":{"line":32,"column":4},"end":{"line":34,"column":5}},"9":{"start":{"line":33,"column":6},"end":{"line":33,"column":57}},"10":{"start":{"line":35,"column":4},"end":{"line":35,"column":14}},"11":{"start":{"line":22,"column":13},"end":{"line":22,"column":28}},"12":{"start":{"line":59,"column":34},"end":{"line":73,"column":3}},"13":{"start":{"line":60,"column":4},"end":{"line":62,"column":5}},"14":{"start":{"line":61,"column":6},"end":{"line":61,"column":56}},"15":{"start":{"line":63,"column":4},"end":{"line":65,"column":5}},"16":{"start":{"line":64,"column":6},"end":{"line":64,"column":59}},"17":{"start":{"line":66,"column":4},"end":{"line":68,"column":5}},"18":{"start":{"line":67,"column":6},"end":{"line":67,"column":48}},"19":{"start":{"line":69,"column":4},"end":{"line":71,"column":5}},"20":{"start":{"line":70,"column":6},"end":{"line":70,"column":71}},"21":{"start":{"line":72,"column":4},"end":{"line":72,"column":14}},"22":{"start":{"line":59,"column":15},"end":{"line":59,"column":34}},"23":{"start":{"line":94,"column":31},"end":{"line":99,"column":3}},"24":{"start":{"line":95,"column":4},"end":{"line":97,"column":5}},"25":{"start":{"line":96,"column":6},"end":{"line":96,"column":43}},"26":{"start":{"line":98,"column":4},"end":{"line":98,"column":14}},"27":{"start":{"line":94,"column":15},"end":{"line":94,"column":31}},"28":{"start":{"line":121,"column":34},"end":{"line":138,"column":3}},"29":{"start":{"line":122,"column":4},"end":{"line":124,"column":5}},"30":{"start":{"line":123,"column":6},"end":{"line":123,"column":53}},"31":{"start":{"line":125,"column":4},"end":{"line":127,"column":5}},"32":{"start":{"line":126,"column":6},"end":{"line":126,"column":66}},"33":{"start":{"line":128,"column":4},"end":{"line":130,"column":5}},"34":{"start":{"line":129,"column":6},"end":{"line":129,"column":66}},"35":{"start":{"line":131,"column":4},"end":{"line":133,"column":5}},"36":{"start":{"line":132,"column":6},"end":{"line":132,"column":60}},"37":{"start":{"line":134,"column":4},"end":{"line":136,"column":5}},"38":{"start":{"line":135,"column":6},"end":{"line":135,"column":79}},"39":{"start":{"line":137,"column":4},"end":{"line":137,"column":14}},"40":{"start":{"line":121,"column":15},"end":{"line":121,"column":34}},"41":{"start":{"line":159,"column":28},"end":{"line":162,"column":3}},"42":{"start":{"line":160,"column":18},"end":{"line":160,"column":34}},"43":{"start":{"line":161,"column":4},"end":{"line":161,"column":29}},"44":{"start":{"line":159,"column":13},"end":{"line":159,"column":28}},"45":{"start":{"line":186,"column":6},"end":{"line":188,"column":7}},"46":{"start":{"line":187,"column":8},"end":{"line":187,"column":21}},"47":{"start":{"line":190,"column":6},"end":{"line":200,"column":7}},"48":{"start":{"line":191,"column":24},"end":{"line":191,"column":37}},"49":{"start":{"line":193,"column":8},"end":{"line":195,"column":9}},"50":{"start":{"line":194,"column":10},"end":{"line":194,"column":22}},"51":{"start":{"line":197,"column":8},"end":{"line":197,"column":36}},"52":{"start":{"line":199,"column":8},"end":{"line":199,"column":20}},"53":{"start":{"line":202,"column":0},"end":{"line":202,"column":25}},"54":{"start":{"line":228,"column":14},"end":{"line":242,"column":7}},"55":{"start":{"line":239,"column":22},"end":{"line":239,"column":63}}},"fnMap":{"0":{"name":"(anonymous_0)","decl":{"start":{"line":22,"column":28},"end":{"line":22,"column":29}},"loc":{"start":{"line":22,"column":53},"end":{"line":36,"column":3}}},"1":{"name":"(anonymous_1)","decl":{"start":{"line":59,"column":34},"end":{"line":59,"column":35}},"loc":{"start":{"line":59,"column":63},"end":{"line":73,"column":3}}},"2":{"name":"(anonymous_2)","decl":{"start":{"line":94,"column":31},"end":{"line":94,"column":32}},"loc":{"start":{"line":94,"column":57},"end":{"line":99,"column":3}}},"3":{"name":"(anonymous_3)","decl":{"start":{"line":121,"column":34},"end":{"line":121,"column":35}},"loc":{"start":{"line":121,"column":63},"end":{"line":138,"column":3}}},"4":{"name":"(anonymous_4)","decl":{"start":{"line":159,"column":28},"end":{"line":159,"column":29}},"loc":{"start":{"line":159,"column":46},"end":{"line":162,"column":3}}},"5":{"name":"isTokenExpired2","decl":{"start":{"line":185,"column":16},"end":{"line":185,"column":31}},"loc":{"start":{"line":185,"column":50},"end":{"line":201,"column":5}}},"6":{"name":"(anonymous_6)","decl":{"start":{"line":239,"column":12},"end":{"line":239,"column":13}},"loc":{"start":{"line":239,"column":22},"end":{"line":239,"column":63}}}},"branchMap":{"0":{"loc":{"start":{"line":23,"column":4},"end":{"line":25,"column":5}},"type":"if","locations":[{"start":{"line":23,"column":4},"end":{"line":25,"column":5}}]},"1":{"loc":{"start":{"line":26,"column":4},"end":{"line":28,"column":5}},"type":"if","locations":[{"start":{"line":26,"column":4},"end":{"line":28,"column":5}}]},"2":{"loc":{"start":{"line":29,"column":4},"end":{"line":31,"column":5}},"type":"if","locations":[{"start":{"line":29,"column":4},"end":{"line":31,"column":5}}]},"3":{"loc":{"start":{"line":32,"column":4},"end":{"line":34,"column":5}},"type":"if","locations":[{"start":{"line":32,"column":4},"end":{"line":34,"column":5}}]},"4":{"loc":{"start":{"line":60,"column":4},"end":{"line":62,"column":5}},"type":"if","locations":[{"start":{"line":60,"column":4},"end":{"line":62,"column":5}}]},"5":{"loc":{"start":{"line":63,"column":4},"end":{"line":65,"column":5}},"type":"if","locations":[{"start":{"line":63,"column":4},"end":{"line":65,"column":5}}]},"6":{"loc":{"start":{"line":66,"column":4},"end":{"line":68,"column":5}},"type":"if","locations":[{"start":{"line":66,"column":4},"end":{"line":68,"column":5}}]},"7":{"loc":{"start":{"line":69,"column":4},"end":{"line":71,"column":5}},"type":"if","locations":[{"start":{"line":69,"column":4},"end":{"line":71,"column":5}}]},"8":{"loc":{"start":{"line":95,"column":4},"end":{"line":97,"column":5}},"type":"if","locations":[{"start":{"line":95,"column":4},"end":{"line":97,"column":5}}]},"9":{"loc":{"start":{"line":122,"column":4},"end":{"line":124,"column":5}},"type":"if","locations":[{"start":{"line":122,"column":4},"end":{"line":124,"column":5}}]},"10":{"loc":{"start":{"line":125,"column":4},"end":{"line":127,"column":5}},"type":"if","locations":[{"start":{"line":125,"column":4},"end":{"line":127,"column":5}}]},"11":{"loc":{"start":{"line":128,"column":4},"end":{"line":130,"column":5}},"type":"if","locations":[{"start":{"line":128,"column":4},"end":{"line":130,"column":5}}]},"12":{"loc":{"start":{"line":131,"column":4},"end":{"line":133,"column":5}},"type":"if","locations":[{"start":{"line":131,"column":4},"end":{"line":133,"column":5}}]},"13":{"loc":{"start":{"line":134,"column":4},"end":{"line":136,"column":5}},"type":"if","locations":[{"start":{"line":134,"column":4},"end":{"line":136,"column":5}}]},"14":{"loc":{"start":{"line":186,"column":6},"end":{"line":188,"column":7}},"type":"if","locations":[{"start":{"line":186,"column":6},"end":{"line":188,"column":7}}]},"15":{"loc":{"start":{"line":193,"column":8},"end":{"line":195,"column":9}},"type":"if","locations":[{"start":{"line":193,"column":8},"end":{"line":195,"column":9}}]}},"s":{"0":1,"1":1,"2":7,"3":1,"4":6,"5":1,"6":5,"7":1,"8":4,"9":1,"10":3,"11":1,"12":1,"13":7,"14":1,"15":6,"16":1,"17":5,"18":1,"19":4,"20":1,"21":3,"22":1,"23":1,"24":5,"25":3,"26":2,"27":1,"28":1,"29":7,"30":1,"31":6,"32":1,"33":5,"34":1,"35":4,"36":1,"37":3,"38":1,"39":2,"40":1,"41":1,"42":6,"43":6,"44":1,"45":4,"46":1,"47":3,"48":3,"49":3,"50":1,"51":2,"52":0,"53":1,"54":1,"55":6},"f":{"0":7,"1":7,"2":5,"3":7,"4":6,"5":4,"6":6},"b":{"0":[1],"1":[1],"2":[1],"3":[1],"4":[1],"5":[1],"6":[1],"7":[1],"8":[3],"9":[1],"10":[1],"11":[1],"12":[1],"13":[1],"14":[1],"15":[1]}}
}
