TN:
SF:src\components\DataTable.tsx
FN:73,(anonymous_0)
FN:90,(anonymous_1)
FN:94,(anonymous_2)
FN:101,(anonymous_3)
FN:105,(anonymous_4)
FN:106,(anonymous_5)
FN:112,(anonymous_6)
FN:115,(anonymous_7)
FN:185,(anonymous_8)
FN:207,(anonymous_9)
FN:245,DataTable
FN:258,(anonymous_11)
FN:259,(anonymous_12)
FN:264,(anonymous_13)
FN:332,(anonymous_14)
FN:338,(anonymous_15)
FN:357,(anonymous_16)
FN:383,add
FN:400,(anonymous_18)
FN:418,(anonymous_19)
FN:420,(anonymous_20)
FN:432,(anonymous_21)
FN:434,(anonymous_22)
FN:456,(anonymous_23)
FN:464,(anonymous_24)
FNF:25
FNH:18
FNDA:10,(anonymous_0)
FNDA:1,(anonymous_1)
FNDA:1,(anonymous_2)
FNDA:10,(anonymous_3)
FNDA:0,(anonymous_4)
FNDA:10,(anonymous_5)
FNDA:0,(anonymous_6)
FNDA:0,(anonymous_7)
FNDA:0,(anonymous_8)
FNDA:0,(anonymous_9)
FNDA:13,DataTable
FNDA:7,(anonymous_11)
FNDA:7,(anonymous_12)
FNDA:0,(anonymous_13)
FNDA:8,(anonymous_14)
FNDA:12,(anonymous_15)
FNDA:7,(anonymous_16)
FNDA:1,add
FNDA:1,(anonymous_18)
FNDA:5,(anonymous_19)
FNDA:15,(anonymous_20)
FNDA:10,(anonymous_21)
FNDA:30,(anonymous_22)
FNDA:0,(anonymous_23)
FNDA:1,(anonymous_24)
DA:1,1
DA:2,1
DA:14,1
DA:15,1
DA:16,1
DA:17,1
DA:25,1
DA:27,1
DA:28,1
DA:29,1
DA:69,1
DA:74,10
DA:75,10
DA:91,1
DA:94,1
DA:101,10
DA:105,0
DA:107,10
DA:108,10
DA:109,10
DA:110,10
DA:111,10
DA:112,10
DA:113,0
DA:115,10
DA:116,0
DA:117,0
DA:118,0
DA:119,0
DA:123,0
DA:126,0
DA:127,0
DA:129,0
DA:135,0
DA:141,0
DA:144,0
DA:146,0
DA:147,0
DA:148,0
DA:152,10
DA:185,1
DA:186,0
DA:187,0
DA:188,0
DA:189,0
DA:190,0
DA:191,0
DA:192,0
DA:193,0
DA:198,0
DA:207,1
DA:208,0
DA:209,0
DA:210,0
DA:211,0
DA:212,0
DA:214,0
DA:245,1
DA:246,13
DA:247,13
DA:248,13
DA:249,13
DA:250,13
DA:251,13
DA:252,13
DA:253,13
DA:254,13
DA:255,13
DA:256,13
DA:257,13
DA:258,13
DA:259,7
DA:260,7
DA:261,7
DA:265,0
DA:274,0
DA:282,0
DA:283,0
DA:285,0
DA:286,0
DA:287,0
DA:288,0
DA:289,0
DA:293,0
DA:294,0
DA:295,0
DA:296,0
DA:297,0
DA:302,0
DA:303,0
DA:308,0
DA:316,7
DA:317,7
DA:318,7
DA:319,7
DA:320,7
DA:325,0
DA:332,13
DA:334,8
DA:335,8
DA:336,8
DA:338,12
DA:347,6
DA:348,6
DA:350,1
DA:351,1
DA:353,7
DA:357,13
DA:358,7
DA:361,13
DA:380,13
DA:381,6
DA:384,1
DA:385,1
DA:386,1
DA:388,0
DA:390,1
DA:394,5
DA:401,1
DA:419,5
DA:421,15
DA:433,10
DA:435,30
DA:456,0
DA:464,1
LF:125
LH:74
BRDA:75,0,0,10
BRDA:75,0,1,0
BRDA:109,1,0,10
BRDA:109,1,1,0
BRDA:117,2,0,0
BRDA:117,3,0,0
BRDA:117,3,1,0
BRDA:117,3,2,0
BRDA:131,4,0,0
BRDA:131,4,1,0
BRDA:187,5,0,0
BRDA:262,6,0,7
BRDA:262,6,1,0
BRDA:287,7,0,0
BRDA:287,8,0,0
BRDA:287,8,1,0
BRDA:295,9,0,0
BRDA:295,10,0,0
BRDA:295,10,1,0
BRDA:316,11,0,7
BRDA:316,12,0,7
BRDA:316,12,1,7
BRDA:318,13,0,7
BRDA:318,13,1,6
BRDA:319,14,0,7
BRDA:319,14,1,6
BRDA:320,15,0,7
BRDA:320,15,1,6
BRDA:380,16,0,7
BRDA:381,17,0,1
BRDA:386,18,0,1
BRDA:386,18,1,0
BRDA:386,19,0,1
BRDA:386,19,1,0
BRDA:386,20,0,1
BRDA:386,20,1,0
BRDA:399,21,0,5
BRDA:399,21,1,0
BRDA:409,22,0,5
BRDA:409,22,1,1
BRDA:409,22,2,1
BRDA:422,23,0,0
BRDA:422,23,1,15
BRDA:431,24,0,5
BRDA:431,24,1,0
BRDA:433,25,0,10
BRDA:433,25,1,0
BRF:47
BRH:24
end_of_record
TN:
SF:src\components\GenPasswordButton.tsx
FN:34,GenPasswordButton
FN:40,(anonymous_1)
FN:53,(anonymous_2)
FN:83,(anonymous_3)
FNF:4
FNH:3
FNDA:12,GenPasswordButton
FNDA:4,(anonymous_1)
FNDA:0,(anonymous_2)
FNDA:1,(anonymous_3)
DA:1,1
DA:2,1
DA:3,1
DA:4,1
DA:5,1
DA:6,1
DA:8,1
DA:34,1
DA:35,12
DA:36,12
DA:37,12
DA:38,12
DA:40,12
DA:41,4
DA:50,4
DA:53,12
DA:54,0
DA:55,0
DA:58,0
DA:66,12
DA:83,1
LF:21
LH:18
BRF:0
BRH:0
end_of_record
TN:
SF:src\components\LoginSteps.tsx
FN:36,(anonymous_0)
FN:37,(anonymous_1)
FN:84,(anonymous_2)
FNF:3
FNH:3
FNDA:7,(anonymous_0)
FNDA:1,(anonymous_1)
FNDA:2,(anonymous_2)
DA:1,1
DA:2,1
DA:3,1
DA:4,1
DA:5,1
DA:36,1
DA:37,7
DA:38,1
DA:40,7
DA:42,7
DA:84,2
LF:11
LH:11
BRF:0
BRH:0
end_of_record
TN:
SF:src\components\PasswordButtonAdder.tsx
FN:30,(anonymous_0)
FN:35,(anonymous_1)
FN:55,(anonymous_2)
FN:63,(anonymous_3)
FN:64,(anonymous_4)
FN:126,(anonymous_5)
FNF:6
FNH:6
FNDA:21,(anonymous_0)
FNDA:18,(anonymous_1)
FNDA:8,(anonymous_2)
FNDA:27,(anonymous_3)
FNDA:28,(anonymous_4)
FNDA:8,(anonymous_5)
DA:1,1
DA:2,1
DA:3,1
DA:30,1
DA:31,21
DA:32,21
DA:35,21
DA:36,18
DA:38,18
DA:39,18
DA:40,18
DA:41,18
DA:43,18
DA:55,21
DA:56,8
DA:58,8
DA:59,0
DA:60,0
DA:63,8
DA:64,27
DA:66,28
DA:68,28
DA:69,18
DA:71,18
DA:72,18
DA:73,5
DA:74,5
DA:75,5
DA:76,5
DA:77,5
DA:78,5
DA:80,5
DA:84,18
DA:85,18
DA:86,18
DA:87,18
DA:88,18
DA:89,18
DA:91,18
DA:93,10
DA:94,10
DA:95,10
DA:96,10
DA:101,8
DA:104,8
DA:105,8
DA:106,0
DA:107,0
DA:108,0
DA:109,0
DA:110,0
DA:111,0
DA:113,0
DA:115,0
DA:116,0
DA:117,0
DA:118,0
DA:119,0
DA:120,0
DA:122,0
DA:123,0
DA:126,8
DA:127,8
DA:131,21
DA:142,1
LF:65
LH:48
BRDA:36,0,0,0
BRDA:44,1,0,18
BRDA:44,1,1,9
BRDA:44,1,2,6
BRDA:44,1,3,6
BRDA:44,1,4,6
BRDA:44,1,5,6
BRDA:44,1,6,3
BRDA:44,1,7,3
BRDA:58,2,0,0
BRDA:66,3,0,28
BRDA:66,3,1,10
BRDA:68,4,0,18
BRDA:68,4,1,10
BRDA:72,5,0,5
BRDA:72,6,0,18
BRDA:72,6,1,13
BRDA:77,7,0,5
BRDA:94,8,0,1
BRDA:104,9,0,8
BRDA:104,9,1,8
BRDA:105,10,0,0
BRDA:110,11,0,0
BRDA:134,12,0,21
BRDA:134,12,1,12
BRDA:134,12,2,12
BRF:26
BRH:22
end_of_record
TN:
SF:src\components\PopoverButton.tsx
FN:34,PopoverButton
FN:44,(anonymous_1)
FNF:2
FNH:2
FNDA:8,PopoverButton
FNDA:4,(anonymous_1)
DA:1,1
DA:2,1
DA:3,1
DA:8,1
DA:9,1
DA:35,8
DA:37,8
DA:44,4
DA:62,1
LF:9
LH:9
BRDA:46,0,0,3
BRDA:46,0,1,5
BRF:2
BRH:2
end_of_record
TN:
SF:src\components\RecoverMasterKeyDialog.tsx
FN:65,RecoverMasterkeyDialog
FN:74,(anonymous_1)
FN:125,(anonymous_2)
FN:138,(anonymous_3)
FN:148,(anonymous_4)
FNF:5
FNH:5
FNDA:19,RecoverMasterkeyDialog
FNDA:4,(anonymous_1)
FNDA:3,(anonymous_2)
FNDA:3,(anonymous_3)
FNDA:1,(anonymous_4)
DA:1,1
DA:2,1
DA:3,1
DA:11,1
DA:12,1
DA:13,1
DA:65,1
DA:70,19
DA:71,19
DA:72,19
DA:74,19
DA:75,4
DA:77,4
DA:78,1
DA:79,1
DA:81,3
DA:82,1
DA:83,1
DA:86,2
DA:87,2
DA:89,1
DA:94,1
DA:95,1
DA:96,1
DA:98,1
DA:99,1
DA:100,1
DA:107,19
DA:125,3
DA:138,3
DA:148,1
LF:31
LH:31
BRDA:77,0,0,1
BRDA:77,1,0,4
BRDA:77,1,1,3
BRDA:81,2,0,1
BRDA:144,3,0,19
BRDA:144,3,1,4
BRF:6
BRH:6
end_of_record
TN:
SF:src\components\TableWidget.tsx
FN:36,(anonymous_0)
FN:49,(anonymous_1)
FN:60,(anonymous_2)
FNF:3
FNH:3
FNDA:8,(anonymous_0)
FNDA:1,(anonymous_1)
FNDA:2,(anonymous_2)
DA:1,1
DA:2,1
DA:3,1
DA:4,1
DA:5,1
DA:6,1
DA:7,1
DA:36,1
DA:37,8
DA:38,8
DA:39,8
DA:40,1
DA:42,7
DA:43,7
DA:50,1
DA:51,1
DA:60,2
LF:17
LH:17
BRDA:39,0,0,1
BRDA:42,1,0,7
BRF:2
BRH:2
end_of_record
TN:
SF:src\components\ui\button.tsx
FN:37,Button
FNF:1
FNH:1
FNDA:32,Button
DA:1,1
DA:2,1
DA:3,1
DA:5,1
DA:6,1
DA:47,32
DA:49,32
DA:58,1
LF:8
LH:8
BRDA:41,0,0,32
BRDA:47,1,0,0
BRDA:47,1,1,32
BRF:3
BRH:2
end_of_record
TN:
SF:src\components\ui\dialog.tsx
FN:7,Dialog
FN:13,DialogTrigger
FN:19,DialogPortal
FN:25,DialogClose
FN:31,DialogOverlay
FN:47,DialogContent
FN:73,DialogHeader
FN:83,DialogFooter
FN:96,DialogTitle
FN:109,DialogDescription
FNF:10
FNH:8
FNDA:17,Dialog
FNDA:0,DialogTrigger
FNDA:17,DialogPortal
FNDA:0,DialogClose
FNDA:22,DialogOverlay
FNDA:17,DialogContent
FNDA:16,DialogHeader
FNDA:16,DialogFooter
FNDA:16,DialogTitle
FNDA:16,DialogDescription
DA:1,1
DA:2,1
DA:3,1
DA:5,1
DA:10,17
DA:16,0
DA:22,17
DA:28,0
DA:35,22
DA:52,17
DA:74,16
DA:84,16
DA:100,16
DA:113,16
DA:123,1
DA:124,1
DA:125,1
DA:126,1
DA:127,1
DA:128,1
DA:129,1
DA:130,1
DA:131,1
DA:132,1
LF:24
LH:22
BRF:0
BRH:0
end_of_record
TN:
SF:src\components\ui\input.tsx
FN:4,Input
FNF:1
FNH:1
FNDA:32,Input
DA:1,1
DA:3,1
DA:5,32
DA:20,1
LF:4
LH:4
BRF:0
BRH:0
end_of_record
TN:
SF:src\components\ui\label.tsx
FN:5,Label
FNF:1
FNH:1
FNDA:32,Label
DA:1,1
DA:2,1
DA:3,1
DA:9,32
DA:21,1
LF:5
LH:5
BRF:0
BRH:0
end_of_record
TN:
SF:src\lib\functions.ts
FN:26,extractDomain
FN:76,(anonymous_1)
FN:131,(anonymous_2)
FN:133,(anonymous_3)
FN:135,(anonymous_4)
FN:138,(anonymous_5)
FN:162,(anonymous_6)
FN:191,(anonymous_7)
FN:244,(anonymous_8)
FN:251,(anonymous_9)
FN:259,(anonymous_10)
FN:298,get5RecentActivities
FN:300,(anonymous_12)
FN:327,(anonymous_13)
FN:337,(anonymous_14)
FN:362,(anonymous_15)
FN:408,(anonymous_16)
FN:435,(anonymous_17)
FN:462,(anonymous_18)
FN:495,(anonymous_19)
FN:529,(anonymous_20)
FNF:21
FNH:21
FNDA:23,extractDomain
FNDA:6,(anonymous_1)
FNDA:3,(anonymous_2)
FNDA:4,(anonymous_3)
FNDA:5,(anonymous_4)
FNDA:3,(anonymous_5)
FNDA:3,(anonymous_6)
FNDA:4,(anonymous_7)
FNDA:2,(anonymous_8)
FNDA:5,(anonymous_9)
FNDA:14,(anonymous_10)
FNDA:3,get5RecentActivities
FNDA:3,(anonymous_12)
FNDA:3,(anonymous_13)
FNDA:21,(anonymous_14)
FNDA:3,(anonymous_15)
FNDA:25,(anonymous_16)
FNDA:18,(anonymous_17)
FNDA:3,(anonymous_18)
FNDA:3,(anonymous_19)
FNDA:15,(anonymous_20)
DA:26,2
DA:27,23
DA:29,23
DA:32,23
DA:35,23
DA:38,23
DA:40,23
DA:42,0
DA:76,2
DA:77,6
DA:79,6
DA:80,6
DA:82,6
DA:83,6
DA:84,3
DA:85,3
DA:86,3
DA:87,1
DA:89,2
DA:92,6
DA:97,6
DA:131,2
DA:132,3
DA:133,2
DA:134,4
DA:135,5
DA:138,3
DA:139,2
DA:162,2
DA:163,3
DA:164,3
DA:165,3
DA:166,3
DA:191,2
DA:192,4
DA:193,3
DA:194,2
DA:195,1
DA:199,2
DA:244,2
DA:245,2
DA:246,2
DA:248,2
DA:249,2
DA:251,2
DA:252,5
DA:253,5
DA:254,2
DA:255,2
DA:259,14
DA:298,2
DA:299,3
DA:300,3
DA:327,2
DA:328,3
DA:337,21
DA:338,3
DA:362,2
DA:363,3
DA:364,3
DA:365,1
DA:367,2
DA:378,2
DA:386,2
DA:408,2
DA:409,25
DA:410,25
DA:435,2
DA:436,18
DA:462,2
DA:463,3
DA:464,3
DA:465,3
DA:467,2
DA:468,2
DA:495,2
DA:496,3
DA:497,3
DA:498,3
DA:500,2
DA:501,2
DA:502,2
DA:529,2
DA:530,15
DA:531,15
DA:532,15
DA:533,15
DA:534,15
DA:535,15
LF:89
LH:88
BRDA:40,0,0,23
BRDA:40,0,1,0
BRDA:40,1,0,23
BRDA:40,1,1,23
BRDA:83,2,0,3
BRDA:83,2,1,3
BRDA:85,3,0,0
BRDA:86,4,0,1
BRDA:86,4,1,2
BRDA:132,5,0,1
BRDA:135,6,0,5
BRDA:135,6,1,3
BRDA:139,7,0,2
BRDA:139,7,1,0
BRDA:166,8,0,1
BRDA:166,8,1,2
BRDA:192,9,0,1
BRDA:193,10,0,1
BRDA:194,11,0,1
BRDA:253,12,0,2
BRDA:299,13,0,2
BRDA:299,13,1,1
BRDA:300,14,0,3
BRDA:300,14,1,3
BRDA:300,14,2,0
BRDA:364,15,0,1
BRDA:410,16,0,18
BRDA:410,16,1,7
BRDA:465,17,0,1
BRDA:465,18,0,3
BRDA:465,18,1,3
BRDA:498,19,0,1
BRDA:498,20,0,3
BRDA:498,20,1,3
BRDA:502,21,0,1
BRDA:502,21,1,1
BRDA:531,22,0,15
BRDA:531,22,1,6
BRF:38
BRH:34
end_of_record
TN:
SF:src\lib\icons.ts
FN:178,(anonymous_0)
FN:183,(anonymous_1)
FN:193,getLoginUrl
FN:199,(anonymous_3)
FN:209,(anonymous_4)
FNF:5
FNH:2
FNDA:17,(anonymous_0)
FNDA:233,(anonymous_1)
FNDA:0,getLoginUrl
FNDA:0,(anonymous_3)
FNDA:0,(anonymous_4)
DA:1,1
DA:45,1
DA:178,1
DA:180,17
DA:183,17
DA:184,233
DA:185,233
DA:186,233
DA:190,17
DA:193,1
DA:196,0
DA:199,0
DA:200,0
DA:201,0
DA:202,0
DA:206,0
DA:209,1
DA:210,0
DA:211,0
DA:212,0
DA:213,0
LF:21
LH:11
BRDA:186,0,0,233
BRDA:186,0,1,225
BRDA:190,1,0,15
BRDA:190,1,1,2
BRDA:202,2,0,0
BRDA:202,2,1,0
BRDA:206,3,0,0
BRDA:206,3,1,0
BRDA:206,4,0,0
BRDA:206,4,1,0
BRDA:210,5,0,0
BRDA:211,6,0,0
BRDA:212,7,0,0
BRF:13
BRH:4
end_of_record
TN:
SF:src\lib\utils.ts
FN:4,cn
FNF:1
FNH:1
FNDA:199,cn
DA:1,1
DA:2,1
DA:4,1
DA:5,199
LF:4
LH:4
BRF:0
BRH:0
end_of_record
TN:
SF:src\lib\validators.ts
FN:22,(anonymous_0)
FN:59,(anonymous_1)
FN:94,(anonymous_2)
FN:121,(anonymous_3)
FN:159,(anonymous_4)
FN:185,isTokenExpired2
FN:239,(anonymous_6)
FNF:7
FNH:7
FNDA:7,(anonymous_0)
FNDA:7,(anonymous_1)
FNDA:5,(anonymous_2)
FNDA:7,(anonymous_3)
FNDA:6,(anonymous_4)
FNDA:4,isTokenExpired2
FNDA:6,(anonymous_6)
DA:22,1
DA:23,7
DA:24,1
DA:26,6
DA:27,1
DA:29,5
DA:30,1
DA:32,4
DA:33,1
DA:35,3
DA:59,1
DA:60,7
DA:61,1
DA:63,6
DA:64,1
DA:66,5
DA:67,1
DA:69,4
DA:70,1
DA:72,3
DA:94,1
DA:95,5
DA:96,3
DA:98,2
DA:121,1
DA:122,7
DA:123,1
DA:125,6
DA:126,1
DA:128,5
DA:129,1
DA:131,4
DA:132,1
DA:134,3
DA:135,1
DA:137,2
DA:159,1
DA:160,6
DA:161,6
DA:185,1
DA:186,4
DA:187,1
DA:190,3
DA:191,3
DA:193,3
DA:194,1
DA:197,2
DA:199,0
DA:202,1
DA:228,1
DA:239,6
LF:51
LH:50
BRDA:23,0,0,1
BRDA:26,1,0,1
BRDA:29,2,0,1
BRDA:32,3,0,1
BRDA:60,4,0,1
BRDA:63,5,0,1
BRDA:66,6,0,1
BRDA:69,7,0,1
BRDA:95,8,0,3
BRDA:122,9,0,1
BRDA:125,10,0,1
BRDA:128,11,0,1
BRDA:131,12,0,1
BRDA:134,13,0,1
BRDA:186,14,0,1
BRDA:193,15,0,1
BRF:16
BRH:16
end_of_record
